#
# A fatal error has been detected by the Java Runtime Environment:
#
#  SIGSEGV (0xb) at pc=0x000000010d310182, pid=1010, tid=27139
#
# JRE version: Java(TM) SE Runtime Environment (10.0.1+10) (build 10.0.1+10)
# Java VM: Java HotSpot(TM) 64-Bit Server VM (10.0.1+10, mixed mode, tiered, compressed oops, g1 gc, bsd-amd64)
# Problematic frame:
# V  [libjvm.dylib+0x710182]  Symbol::as_C_string() const+0xa
#
# No core dump will be written. Core dumps have been disabled. To enable core dumping, try "ulimit -c unlimited" before starting Java again
#
# If you would like to submit a bug report, please visit:
#   http://bugreport.java.com/bugreport/crash.jsp
#

---------------  S U M M A R Y ------------

Command Line: -agentlib:jdwp=transport=dt_socket,address=127.0.0.1:50429,suspend=y,server=n -javaagent:/Users/minhnguyen/Library/Caches/IntelliJIdea2018.1/captureAgent/debugger-agent.jar=file:/private/var/folders/g4/vsj_4l156b1dspf1y_n6ws0h0000gn/T/capture.props -Dfile.encoding=UTF-8 edu.pdx.cs410J.minh9.Project3 -pretty /Users/minhnguyen/Desktop/minh9.txt -textFile /Users/minhnguyen/Desktop/dump.txt -print Minh Nguyen 123-456-7890 111-567-9081 01/07/2018 01:06 pm 01/17/2018 6:02 am

Host: MacBookPro8,1 x86_64 2700 MHz, 4 cores, 4G, Darwin 16.7.0
Time: Tue Jul 24 08:25:42 2018 PDT elapsed time: 2133 seconds (0d 0h 35m 33s)

---------------  T H R E A D  ---------------

Current thread (0x00007f9921874000):  JavaThread "JDWP Transport Listener: dt_socket" daemon [_thread_in_vm, id=27139, stack(0x00007000102de000,0x00007000103de000)] _threads_hazard_ptr=0x00007f9920d00ef0

Stack: [0x00007000102de000,0x00007000103de000],  sp=0x00007000103dd770,  free space=1021k
Native frames: (J=compiled Java code, A=aot compiled Java code, j=interpreted, Vv=VM code, C=native code)
V  [libjvm.dylib+0x710182]  Symbol::as_C_string() const+0xa
V  [libjvm.dylib+0x4dd885]  VM_GetOrSetLocal::check_slot_type(javaVFrame*)+0xd9
V  [libjvm.dylib+0x4dda1b]  VM_GetOrSetLocal::doit_prologue()+0x5f
V  [libjvm.dylib+0x7a3092]  VMThread::execute(VM_Operation*)+0x162
V  [libjvm.dylib+0x4c9685]  JvmtiEnv::GetLocalObject(JavaThread*, int, int, _jobject**)+0x6f
V  [libjvm.dylib+0x492574]  jvmti_GetLocalObject(_jvmtiEnv*, _jobject*, int, int, _jobject**)+0x14b
C  [libjdwp.dylib+0x69f7]  getValues+0x17b
C  [libjdwp.dylib+0xe895]  debugLoop_run+0x1e0
C  [libjdwp.dylib+0x1fbfb]  attachThread+0x4c
V  [libjvm.dylib+0x4dc762]  JvmtiAgentThread::call_start_function()+0x30
V  [libjvm.dylib+0x74679c]  JavaThread::thread_main_inner()+0x86
V  [libjvm.dylib+0x633a5f]  thread_native_entry(Thread*)+0x12b
C  [libsystem_pthread.dylib+0x393b]  _pthread_body+0xb4
C  [libsystem_pthread.dylib+0x3887]  _pthread_body+0x0
C  [libsystem_pthread.dylib+0x308d]  thread_start+0xd
C  0x0000000000000000


siginfo: si_signo: 11 (SIGSEGV), si_code: 0 (unknown), si_addr: 0x0000000000000000

Register to memory mapping:

RAX=0x000000000000ca74 is an unknown value
RBX=0x0000000000000078 is an unknown value
RCX=0x000000012d4a42a8 is pointing into metadata
RDX=0x0000000000000004 is an unknown value
RSP=0x00007000103dd770 is pointing into the stack for thread: 0x00007f9921874000
RBP=0x00007000103dd780 is pointing into the stack for thread: 0x00007f9921874000
RSI=0x0000000000000065 is an unknown value
RDI=0xb62d001fb601e62b is an unknown value
R8 =0x0000000000000000 is an unknown value
R9 =0x0000000000000052 is an unknown value
R10=0x0000000000000009 is an unknown value
R11=0x00007f99218ae848 is an unknown value
R12=0x0000000000000013 is an unknown value
R13=0x00007f9921874000 is a thread
R14=0xb62d001fb601e62b is an unknown value
R15={method} {0x000000012d4a6068} 'checkDuplicate' '(Ledu/pdx/cs410J/minh9/PhoneBill;Ljava/util/ArrayList;)Z' in 'edu/pdx/cs410J/minh9/Project3'


Registers:
RAX=0x000000000000ca74, RBX=0x0000000000000078, RCX=0x000000012d4a42a8, RDX=0x0000000000000004
RSP=0x00007000103dd770, RBP=0x00007000103dd780, RSI=0x0000000000000065, RDI=0xb62d001fb601e62b
R8 =0x0000000000000000, R9 =0x0000000000000052, R10=0x0000000000000009, R11=0x00007f99218ae848
R12=0x0000000000000013, R13=0x00007f9921874000, R14=0xb62d001fb601e62b, R15=0x000000012d4a6068
RIP=0x000000010d310182, EFLAGS=0x0000000000010297, ERR=0x0000000000000000
  TRAPNO=0x000000000000000d

Top of Stack: (sp=0x00007000103dd770)
0x00007000103dd770:   0000000000000078 00007000103dd9b8
0x00007000103dd780:   00007000103dd7f0 000000010d0dd885
0x00007000103dd790:   0000000000000000 0000000000000000
0x00007000103dd7a0:   00007f9920d02801 00007f9922003800
0x00007000103dd7b0:   00007000103dd7f0 000000010d390307
0x00007000103dd7c0:   000000010da9f8a8 00007000103dd9b8
0x00007000103dd7d0:   0000000000000000 00007f9921874000
0x00007000103dd7e0:   00007000103dd9b8 000000000000000a
0x00007000103dd7f0:   00007000103dd810 000000010d0dda1b
0x00007000103dd800:   000000010d53c910 766ac8206abf0018
0x00007000103dd810:   00007000103dd9a0 000000010d3a3092
0x00007000103dd820:   00007f9920d02830 000000010d365a00
0x00007000103dd830:   00007000103dd870 000000010d20ff44
0x00007000103dd840:   00007f9921874000 00007f9920d02830
0x00007000103dd850:   000000010d5bd3d0 00007f9921874000
0x00007000103dd860:   00007000103dda18 0000000000000233
0x00007000103dd870:   00007000103dda00 000000010d3a318e
0x00007000103dd880:   00007f9920d02830 0000000000000200
0x00007000103dd890:   00007000103dda20 00000000b72c800d
0x00007000103dd8a0:   00007000103dd8e0 00007fffe6b8991f
0x00007000103dd8b0:   0000000000000000 0000000000000019
0x00007000103dd8c0:   000000010c340000 0000000000000019
0x00007000103dd8d0:   00007000103dd8f0 000000010d365981
0x00007000103dd8e0:   00007000103dd9c0 00007fffe6b88472
0x00007000103dd8f0:   00007000103dd910 000000010d365981
0x00007000103dd900:   00007000103dd9e0 00007fffe6b88472
0x00007000103dd910:   00007000103dd930 000000010d365917
0x00007000103dd920:   00007000103dd940 00007f9921874070
0x00007000103dd930:   00007000103dd960 000000010d3658e0
0x00007000103dd940:   00007000103dd960 00007f9921874070
0x00007000103dd950:   00007000103dd970 000000010d365981
0x00007000103dd960:   00007000103dd980 000000010d365981 

Instructions: (pc=0x000000010d310182)
0x000000010d310162:   ff c7 48 ff c2 ff c9 75 f2 49 63 c0 c6 04 06 00
0x000000010d310172:   48 89 f0 5d c3 90 55 48 89 e5 41 56 53 49 89 fe
0x000000010d310182:   41 0f b7 1e ff c3 31 f6 48 89 df e8 39 68 f9 ff
0x000000010d310192:   4c 89 f7 48 89 c6 89 da 5b 41 5e 5d e9 8d ff ff 


---------------  P R O C E S S  ---------------

Threads class SMR info:
_java_thread_list=0x00007f9920d00ef0, length=13, elements={
0x00007f9922003800, 0x00007f9922045800, 0x00007f992282a800, 0x00007f9922051000,
0x00007f9922051800, 0x00007f9921853000, 0x00007f9921004800, 0x00007f9921856000,
0x00007f9921874000, 0x00007f99218bd800, 0x00007f99228d5800, 0x00007f9921066800,
0x00007f992102b000
}

Java Threads: ( => current thread )
  0x00007f9922003800 JavaThread "main" [_thread_blocked, id=7939, stack(0x000000010d9a0000,0x000000010daa0000)]
  0x00007f9922045800 JavaThread "Reference Handler" daemon [_thread_blocked, id=18179, stack(0x000070000fbc9000,0x000070000fcc9000)]
  0x00007f992282a800 JavaThread "Finalizer" daemon [_thread_blocked, id=18947, stack(0x000070000fccc000,0x000070000fdcc000)]
  0x00007f9922051000 JavaThread "Signal Dispatcher" daemon [_thread_blocked, id=23299, stack(0x000070000fdcf000,0x000070000fecf000)]
  0x00007f9922051800 JavaThread "C2 CompilerThread0" daemon [_thread_blocked, id=24067, stack(0x000070000fed2000,0x000070000ffd2000)]
  0x00007f9921853000 JavaThread "C2 CompilerThread1" daemon [_thread_blocked, id=24835, stack(0x000070000ffd5000,0x00007000100d5000)]
  0x00007f9921004800 JavaThread "C1 CompilerThread2" daemon [_thread_blocked, id=25603, stack(0x00007000100d8000,0x00007000101d8000)]
  0x00007f9921856000 JavaThread "Sweeper thread" daemon [_thread_blocked, id=26371, stack(0x00007000101db000,0x00007000102db000)]
=>0x00007f9921874000 JavaThread "JDWP Transport Listener: dt_socket" daemon [_thread_in_vm, id=27139, stack(0x00007000102de000,0x00007000103de000)] _threads_hazard_ptr=0x00007f9920d00ef0
  0x00007f99218bd800 JavaThread "JDWP Event Helper Thread" daemon [_thread_blocked, id=27907, stack(0x00007000103e1000,0x00007000104e1000)]
  0x00007f99228d5800 JavaThread "JDWP Command Reader" daemon [_thread_in_native, id=28675, stack(0x00007000104e4000,0x00007000105e4000)]
  0x00007f9921066800 JavaThread "Common-Cleaner" daemon [_thread_blocked, id=29443, stack(0x00007000105e7000,0x00007000106e7000)]
  0x00007f992102b000 JavaThread "Service Thread" daemon [_thread_blocked, id=30211, stack(0x00007000106ea000,0x00007000107ea000)]

Other Threads:
  0x00007f9921849800 VMThread "VM Thread" [stack: 0x000070000fac6000,0x000070000fbc6000] [id=17411]
  0x00007f992210c000 WatcherThread [stack: 0x00007000107ed000,0x00007000108ed000] [id=30723]
  0x00007f992200a000 GCTaskThread "GC Thread#0" [stack: 0x000070000efa5000,0x000070000f0a5000] [id=11267]
  0x00007f992200a800 GCTaskThread "GC Thread#1" [stack: 0x000070000f0a8000,0x000070000f1a8000] [id=11779]
  0x00007f9922027000 GCTaskThread "GC Thread#2" [stack: 0x000070000f1ab000,0x000070000f2ab000] [id=12291]
  0x00007f9922027800 GCTaskThread "GC Thread#3" [stack: 0x000070000f2ae000,0x000070000f3ae000] [id=12803]
  0x00007f992203e000 ConcurrentGCThread "G1 Main Marker" [stack: 0x000070000f3b1000,0x000070000f4b1000] [id=13315]
  0x00007f992203e800 ConcurrentGCThread "G1 Conc#0" [stack: 0x000070000f4b4000,0x000070000f5b4000] [id=14339]
  0x00007f9922802000 ConcurrentGCThread "G1 Refine#0" [stack: 0x000070000f5b7000,0x000070000f6b7000] [id=14851]
  0x00007f9922803000 ConcurrentGCThread "G1 Refine#1" [stack: 0x000070000f6ba000,0x000070000f7ba000] [id=15363]
  0x00007f9922803800 ConcurrentGCThread "G1 Refine#2" [stack: 0x000070000f7bd000,0x000070000f8bd000] [id=15875]
  0x00007f9922804800 ConcurrentGCThread "G1 Refine#3" [stack: 0x000070000f8c0000,0x000070000f9c0000] [id=16387]
  0x00007f9922805000 ConcurrentGCThread "G1 Young RemSet Sampling" [stack: 0x000070000f9c3000,0x000070000fac3000] [id=16899]

Threads with active compile tasks:

VM state:not at safepoint (normal execution)

VM Mutex/Monitor currently owned by a thread: None

Heap address: 0x0000000780000000, size: 1024 MB, Compressed Oops mode: Zero based, Oop shift amount: 3
Narrow klass base: 0x0000000000000000, Narrow klass shift: 3
Compressed class space size: 1073741824 Address: 0x00000007c0000000

Heap:
 garbage-first heap   total 65536K, used 10240K [0x0000000780000000, 0x00000007c0000000)
  region size 1024K, 11 young (11264K), 0 survivors (0K)
 Metaspace       used 8918K, capacity 9128K, committed 9472K, reserved 1058816K
  class space    used 791K, capacity 899K, committed 1024K, reserved 1048576K
Heap Regions: E=young(eden), S=young(survivor), O=old, HS=humongous(starts), HC=humongous(continues), CS=collection set, F=free, A=archive, TS=gc time stamp, AC=allocation context, TAMS=top-at-mark-start (previous, next)
|   0|0x0000000780000000, 0x0000000780000000, 0x0000000780100000|  0%| F|  |TS  0|AC  0|TAMS 0x0000000780000000, 0x0000000780000000|
|   1|0x0000000780100000, 0x0000000780100000, 0x0000000780200000|  0%| F|  |TS  0|AC  0|TAMS 0x0000000780100000, 0x0000000780100000|
|   2|0x0000000780200000, 0x0000000780200000, 0x0000000780300000|  0%| F|  |TS  0|AC  0|TAMS 0x0000000780200000, 0x0000000780200000|
|   3|0x0000000780300000, 0x0000000780300000, 0x0000000780400000|  0%| F|  |TS  0|AC  0|TAMS 0x0000000780300000, 0x0000000780300000|
|   4|0x0000000780400000, 0x0000000780400000, 0x0000000780500000|  0%| F|  |TS  0|AC  0|TAMS 0x0000000780400000, 0x0000000780400000|
|   5|0x0000000780500000, 0x0000000780500000, 0x0000000780600000|  0%| F|  |TS  0|AC  0|TAMS 0x0000000780500000, 0x0000000780500000|
|   6|0x0000000780600000, 0x0000000780600000, 0x0000000780700000|  0%| F|  |TS  0|AC  0|TAMS 0x0000000780600000, 0x0000000780600000|
|   7|0x0000000780700000, 0x0000000780700000, 0x0000000780800000|  0%| F|  |TS  0|AC  0|TAMS 0x0000000780700000, 0x0000000780700000|
|   8|0x0000000780800000, 0x0000000780800000, 0x0000000780900000|  0%| F|  |TS  0|AC  0|TAMS 0x0000000780800000, 0x0000000780800000|
|   9|0x0000000780900000, 0x0000000780900000, 0x0000000780a00000|  0%| F|  |TS  0|AC  0|TAMS 0x0000000780900000, 0x0000000780900000|
|  10|0x0000000780a00000, 0x0000000780a00000, 0x0000000780b00000|  0%| F|  |TS  0|AC  0|TAMS 0x0000000780a00000, 0x0000000780a00000|
|  11|0x0000000780b00000, 0x0000000780b00000, 0x0000000780c00000|  0%| F|  |TS  0|AC  0|TAMS 0x0000000780b00000, 0x0000000780b00000|
|  12|0x0000000780c00000, 0x0000000780c00000, 0x0000000780d00000|  0%| F|  |TS  0|AC  0|TAMS 0x0000000780c00000, 0x0000000780c00000|
|  13|0x0000000780d00000, 0x0000000780d00000, 0x0000000780e00000|  0%| F|  |TS  0|AC  0|TAMS 0x0000000780d00000, 0x0000000780d00000|
|  14|0x0000000780e00000, 0x0000000780e00000, 0x0000000780f00000|  0%| F|  |TS  0|AC  0|TAMS 0x0000000780e00000, 0x0000000780e00000|
|  15|0x0000000780f00000, 0x0000000780f00000, 0x0000000781000000|  0%| F|  |TS  0|AC  0|TAMS 0x0000000780f00000, 0x0000000780f00000|
|  16|0x0000000781000000, 0x0000000781000000, 0x0000000781100000|  0%| F|  |TS  0|AC  0|TAMS 0x0000000781000000, 0x0000000781000000|
|  17|0x0000000781100000, 0x0000000781100000, 0x0000000781200000|  0%| F|  |TS  0|AC  0|TAMS 0x0000000781100000, 0x0000000781100000|
|  18|0x0000000781200000, 0x0000000781200000, 0x0000000781300000|  0%| F|  |TS  0|AC  0|TAMS 0x0000000781200000, 0x0000000781200000|
|  19|0x0000000781300000, 0x0000000781300000, 0x0000000781400000|  0%| F|  |TS  0|AC  0|TAMS 0x0000000781300000, 0x0000000781300000|
|  20|0x0000000781400000, 0x0000000781400000, 0x0000000781500000|  0%| F|  |TS  0|AC  0|TAMS 0x0000000781400000, 0x0000000781400000|
|  21|0x0000000781500000, 0x0000000781500000, 0x0000000781600000|  0%| F|  |TS  0|AC  0|TAMS 0x0000000781500000, 0x0000000781500000|
|  22|0x0000000781600000, 0x0000000781600000, 0x0000000781700000|  0%| F|  |TS  0|AC  0|TAMS 0x0000000781600000, 0x0000000781600000|
|  23|0x0000000781700000, 0x0000000781700000, 0x0000000781800000|  0%| F|  |TS  0|AC  0|TAMS 0x0000000781700000, 0x0000000781700000|
|  24|0x0000000781800000, 0x0000000781800000, 0x0000000781900000|  0%| F|  |TS  0|AC  0|TAMS 0x0000000781800000, 0x0000000781800000|
|  25|0x0000000781900000, 0x0000000781900000, 0x0000000781a00000|  0%| F|  |TS  0|AC  0|TAMS 0x0000000781900000, 0x0000000781900000|
|  26|0x0000000781a00000, 0x0000000781a00000, 0x0000000781b00000|  0%| F|  |TS  0|AC  0|TAMS 0x0000000781a00000, 0x0000000781a00000|
|  27|0x0000000781b00000, 0x0000000781b00000, 0x0000000781c00000|  0%| F|  |TS  0|AC  0|TAMS 0x0000000781b00000, 0x0000000781b00000|
|  28|0x0000000781c00000, 0x0000000781c00000, 0x0000000781d00000|  0%| F|  |TS  0|AC  0|TAMS 0x0000000781c00000, 0x0000000781c00000|
|  29|0x0000000781d00000, 0x0000000781d00000, 0x0000000781e00000|  0%| F|  |TS  0|AC  0|TAMS 0x0000000781d00000, 0x0000000781d00000|
|  30|0x0000000781e00000, 0x0000000781e00000, 0x0000000781f00000|  0%| F|  |TS  0|AC  0|TAMS 0x0000000781e00000, 0x0000000781e00000|
|  31|0x0000000781f00000, 0x0000000781f00000, 0x0000000782000000|  0%| F|  |TS  0|AC  0|TAMS 0x0000000781f00000, 0x0000000781f00000|
|  32|0x0000000782000000, 0x0000000782000000, 0x0000000782100000|  0%| F|  |TS  0|AC  0|TAMS 0x0000000782000000, 0x0000000782000000|
|  33|0x0000000782100000, 0x0000000782100000, 0x0000000782200000|  0%| F|  |TS  0|AC  0|TAMS 0x0000000782100000, 0x0000000782100000|
|  34|0x0000000782200000, 0x0000000782200000, 0x0000000782300000|  0%| F|  |TS  0|AC  0|TAMS 0x0000000782200000, 0x0000000782200000|
|  35|0x0000000782300000, 0x0000000782300000, 0x0000000782400000|  0%| F|  |TS  0|AC  0|TAMS 0x0000000782300000, 0x0000000782300000|
|  36|0x0000000782400000, 0x0000000782400000, 0x0000000782500000|  0%| F|  |TS  0|AC  0|TAMS 0x0000000782400000, 0x0000000782400000|
|  37|0x0000000782500000, 0x0000000782500000, 0x0000000782600000|  0%| F|  |TS  0|AC  0|TAMS 0x0000000782500000, 0x0000000782500000|
|  38|0x0000000782600000, 0x0000000782600000, 0x0000000782700000|  0%| F|  |TS  0|AC  0|TAMS 0x0000000782600000, 0x0000000782600000|
|  39|0x0000000782700000, 0x0000000782700000, 0x0000000782800000|  0%| F|  |TS  0|AC  0|TAMS 0x0000000782700000, 0x0000000782700000|
|  40|0x0000000782800000, 0x0000000782800000, 0x0000000782900000|  0%| F|  |TS  0|AC  0|TAMS 0x0000000782800000, 0x0000000782800000|
|  41|0x0000000782900000, 0x0000000782900000, 0x0000000782a00000|  0%| F|  |TS  0|AC  0|TAMS 0x0000000782900000, 0x0000000782900000|
|  42|0x0000000782a00000, 0x0000000782a00000, 0x0000000782b00000|  0%| F|  |TS  0|AC  0|TAMS 0x0000000782a00000, 0x0000000782a00000|
|  43|0x0000000782b00000, 0x0000000782b00000, 0x0000000782c00000|  0%| F|  |TS  0|AC  0|TAMS 0x0000000782b00000, 0x0000000782b00000|
|  44|0x0000000782c00000, 0x0000000782c00000, 0x0000000782d00000|  0%| F|  |TS  0|AC  0|TAMS 0x0000000782c00000, 0x0000000782c00000|
|  45|0x0000000782d00000, 0x0000000782d00000, 0x0000000782e00000|  0%| F|  |TS  0|AC  0|TAMS 0x0000000782d00000, 0x0000000782d00000|
|  46|0x0000000782e00000, 0x0000000782e00000, 0x0000000782f00000|  0%| F|  |TS  0|AC  0|TAMS 0x0000000782e00000, 0x0000000782e00000|
|  47|0x0000000782f00000, 0x0000000782f00000, 0x0000000783000000|  0%| F|  |TS  0|AC  0|TAMS 0x0000000782f00000, 0x0000000782f00000|
|  48|0x0000000783000000, 0x0000000783000000, 0x0000000783100000|  0%| F|  |TS  0|AC  0|TAMS 0x0000000783000000, 0x0000000783000000|
|  49|0x0000000783100000, 0x0000000783100000, 0x0000000783200000|  0%| F|  |TS  0|AC  0|TAMS 0x0000000783100000, 0x0000000783100000|
|  50|0x0000000783200000, 0x0000000783200000, 0x0000000783300000|  0%| F|  |TS  0|AC  0|TAMS 0x0000000783200000, 0x0000000783200000|
|  51|0x0000000783300000, 0x0000000783300000, 0x0000000783400000|  0%| F|  |TS  0|AC  0|TAMS 0x0000000783300000, 0x0000000783300000|
|  52|0x0000000783400000, 0x0000000783400000, 0x0000000783500000|  0%| F|  |TS  0|AC  0|TAMS 0x0000000783400000, 0x0000000783400000|
|  53|0x0000000783500000, 0x000000078354a0d8, 0x0000000783600000| 28%| E|  |TS  0|AC  0|TAMS 0x0000000783500000, 0x0000000783500000|
|  54|0x0000000783600000, 0x0000000783700000, 0x0000000783700000|100%| E|CS|TS  0|AC  0|TAMS 0x0000000783600000, 0x0000000783600000|
|  55|0x0000000783700000, 0x0000000783800000, 0x0000000783800000|100%| E|CS|TS  0|AC  0|TAMS 0x0000000783700000, 0x0000000783700000|
|  56|0x0000000783800000, 0x0000000783900000, 0x0000000783900000|100%| E|CS|TS  0|AC  0|TAMS 0x0000000783800000, 0x0000000783800000|
|  57|0x0000000783900000, 0x0000000783a00000, 0x0000000783a00000|100%| E|CS|TS  0|AC  0|TAMS 0x0000000783900000, 0x0000000783900000|
|  58|0x0000000783a00000, 0x0000000783b00000, 0x0000000783b00000|100%| E|CS|TS  0|AC  0|TAMS 0x0000000783a00000, 0x0000000783a00000|
|  59|0x0000000783b00000, 0x0000000783c00000, 0x0000000783c00000|100%| E|CS|TS  0|AC  0|TAMS 0x0000000783b00000, 0x0000000783b00000|
|  60|0x0000000783c00000, 0x0000000783d00000, 0x0000000783d00000|100%| E|CS|TS  0|AC  0|TAMS 0x0000000783c00000, 0x0000000783c00000|
|  61|0x0000000783d00000, 0x0000000783e00000, 0x0000000783e00000|100%| E|CS|TS  0|AC  0|TAMS 0x0000000783d00000, 0x0000000783d00000|
|  62|0x0000000783e00000, 0x0000000783f00000, 0x0000000783f00000|100%| E|CS|TS  0|AC  0|TAMS 0x0000000783e00000, 0x0000000783e00000|
|  63|0x0000000783f00000, 0x0000000784000000, 0x0000000784000000|100%| E|CS|TS  0|AC  0|TAMS 0x0000000783f00000, 0x0000000783f00000|

Card table byte_map: [0x0000000119604000,0x0000000119804000] byte_map_base: 0x0000000115a04000

Marking Bits (Prev, Next): (CMBitMap*) 0x00007f992203d260, (CMBitMap*) 0x00007f992203d298
 Prev Bits: [0x0000000129021000, 0x000000012a021000)
 Next Bits: [0x000000012a021000, 0x000000012b021000)

Polling page: 0x000000010c3e3000

CodeHeap 'non-profiled nmethods': size=120032Kb used=297Kb max_used=297Kb free=119734Kb
 bounds [0x0000000121ae9000, 0x0000000121d59000, 0x0000000129021000]
CodeHeap 'profiled nmethods': size=120032Kb used=1280Kb max_used=1280Kb free=118751Kb
 bounds [0x000000011a5b1000, 0x000000011a821000, 0x0000000121ae9000]
CodeHeap 'non-nmethods': size=5696Kb used=1130Kb max_used=1164Kb free=4565Kb
 bounds [0x000000011a021000, 0x000000011a291000, 0x000000011a5b1000]
 total_blobs=1293 nmethods=761 adapters=300
 compilation: enabled

Compilation events (10 events):
Event: 21.740 Thread 0x00007f9921004800  758  s    1       java.lang.StringBuffer::length (5 bytes)
Event: 21.740 Thread 0x00007f9921004800 nmethod 758 0x0000000121b32810 code [0x0000000121b329c0, 0x0000000121b32c30]
Event: 22.076 Thread 0x00007f9921004800  759       3       java.util.Calendar::internalSet (8 bytes)
Event: 22.077 Thread 0x00007f9921004800 nmethod 759 0x000000011a6f0510 code [0x000000011a6f06c0, 0x000000011a6f0830]
Event: 22.330 Thread 0x00007f9922051800  760       4       java.lang.AbstractStringBuilder::append (77 bytes)
Event: 22.337 Thread 0x00007f9922051800 nmethod 760 0x0000000121b32d10 code [0x0000000121b32ee0, 0x0000000121b333f8]
Event: 22.940 Thread 0x00007f9921004800  761  s    3       java.lang.StringBuffer::append (13 bytes)
Event: 22.941 Thread 0x00007f9921004800 nmethod 761 0x000000011a6f0910 code [0x000000011a6f0ae0, 0x000000011a6f0e28]
Event: 1369.388 Thread 0x00007f9921004800  762       3       java.util.Calendar::internalGet (7 bytes)
Event: 1369.389 Thread 0x00007f9921004800 nmethod 762 0x000000011a6f0f10 code [0x000000011a6f10c0, 0x000000011a6f1230]

GC Heap History (0 events):
No events

Deoptimization events (4 events):
Event: 1.589 Thread 0x00007f9922003800 Uncommon trap: reason=unstable_if action=reinterpret pc=0x0000000121aebdb8 method=java.lang.String.hashCode()I @ 14 c2
Event: 2.779 Thread 0x00007f9922003800 Uncommon trap: reason=unstable_if action=reinterpret pc=0x0000000121af9970 method=java.lang.String.isLatin1()Z @ 10 c2
Event: 2.873 Thread 0x00007f9922003800 Uncommon trap: reason=unstable_if action=reinterpret pc=0x0000000121af9d7c method=java.lang.String.isLatin1()Z @ 10 c2
Event: 3.059 Thread 0x00007f9922003800 Uncommon trap: reason=unstable_if action=reinterpret pc=0x0000000121af6254 method=java.util.HashMap.putVal(ILjava/lang/Object;Ljava/lang/Object;ZZ)Ljava/lang/Object; @ 69 c2

Classes redefined (4 events):
Event: 95.645 Thread 0x00007f9921849800 redefined class name=edu.pdx.cs410J.minh9.Project3, count=1
Event: 1369.069 Thread 0x00007f9921849800 redefined class name=edu.pdx.cs410J.minh9.Project3, count=2
Event: 1851.995 Thread 0x00007f9921849800 redefined class name=edu.pdx.cs410J.minh9.Project3, count=3
Event: 2133.442 Thread 0x00007f9921849800 redefined class name=edu.pdx.cs410J.minh9.Project3, count=4

Internal exceptions (10 events):
Event: 3.829 Thread 0x00007f9922003800 Exception <a 'java/lang/NoSuchMethodError'{0x000000078373ecd8}: java.lang.invoke.DirectMethodHandle$Holder.invokeSpecial(Ljava/lang/Object;Ljava/lang/Object;IIILjava/lang/Object;Ljava/lang/Object;Ljava/lang/Object;Ljava/lang/Object;)Ljava/lang/Object;> (0
Event: 3.831 Thread 0x00007f9922003800 Exception <a 'java/lang/NoSuchMethodError'{0x00000007837423a8}: java.lang.invoke.DelegatingMethodHandle$Holder.reinvoke_L(Ljava/lang/Object;IIILjava/lang/Object;Ljava/lang/Object;Ljava/lang/Object;Ljava/lang/Object;)Ljava/lang/Object;> (0x00000007837423a8
Event: 3.874 Thread 0x00007f9922003800 Exception <a 'java/lang/NoSuchMethodError'{0x0000000783793f70}: method resolution failed> (0x0000000783793f70) thrown at [/scratch/mesos/slaves/555f5737-a945-4eb0-8d30-afb1fc816afd-S70/frameworks/1735e8a2-a1db-478c-8104-60c8b0af87dd-0196/executors/5e9592f
Event: 3.882 Thread 0x00007f9922003800 Exception <a 'java/lang/NoSuchMethodError'{0x00000007837b6918}: method resolution failed> (0x00000007837b6918) thrown at [/scratch/mesos/slaves/555f5737-a945-4eb0-8d30-afb1fc816afd-S70/frameworks/1735e8a2-a1db-478c-8104-60c8b0af87dd-0196/executors/5e9592f
Event: 3.892 Thread 0x00007f9922003800 Exception <a 'java/lang/NoSuchMethodError'{0x00000007837db418}: method resolution failed> (0x00000007837db418) thrown at [/scratch/mesos/slaves/555f5737-a945-4eb0-8d30-afb1fc816afd-S70/frameworks/1735e8a2-a1db-478c-8104-60c8b0af87dd-0196/executors/5e9592f
Event: 3.933 Thread 0x00007f9922003800 Exception <a 'java/lang/NoSuchMethodError'{0x000000078363e740}: java.lang.invoke.DirectMethodHandle$Holder.invokeStatic(Ljava/lang/Object;Ljava/lang/Object;Ljava/lang/Object;Ljava/lang/Object;Ljava/lang/Object;Ljava/lang/Object;Ljava/lang/Object;Ljava/lan
Event: 3.938 Thread 0x00007f9922003800 Exception <a 'java/lang/NoSuchMethodError'{0x000000078364e360}: java.lang.invoke.DirectMethodHandle$Holder.invokeStatic(Ljava/lang/Object;Ljava/lang/Object;Ljava/lang/Object;Ljava/lang/Object;Ljava/lang/Object;Ljava/lang/Object;Ljava/lang/Object;Ljava/lan
Event: 3.943 Thread 0x00007f9922003800 Exception <a 'java/lang/NoSuchMethodError'{0x000000078365df10}: method resolution failed> (0x000000078365df10) thrown at [/scratch/mesos/slaves/555f5737-a945-4eb0-8d30-afb1fc816afd-S70/frameworks/1735e8a2-a1db-478c-8104-60c8b0af87dd-0196/executors/5e9592f
Event: 17.521 Thread 0x00007f9922003800 Exception <a 'java/lang/NoSuchMethodError'{0x00000007836caf40}: method resolution failed> (0x00000007836caf40) thrown at [/scratch/mesos/slaves/555f5737-a945-4eb0-8d30-afb1fc816afd-S70/frameworks/1735e8a2-a1db-478c-8104-60c8b0af87dd-0196/executors/5e9592f
Event: 17.565 Thread 0x00007f9922003800 Exception <a 'java/lang/NoSuchMethodError'{0x00000007836e7650}: java.lang.invoke.DirectMethodHandle$Holder.invokeStatic(Ljava/lang/Object;Ljava/lang/Object;)I> (0x00000007836e7650) thrown at [/scratch/mesos/slaves/555f5737-a945-4eb0-8d30-afb1fc816afd-S70/

Events (10 events):
Event: 2133.553 Executing VM operation: GetOrSetLocal
Event: 2133.553 Executing VM operation: GetOrSetLocal done
Event: 2133.558 Executing VM operation: GetOrSetLocal
Event: 2133.558 Executing VM operation: GetOrSetLocal done
Event: 2133.559 Executing VM operation: GetOrSetLocal
Event: 2133.559 Executing VM operation: GetOrSetLocal done
Event: 2133.560 Executing VM operation: GetOrSetLocal
Event: 2133.560 Executing VM operation: GetOrSetLocal done
Event: 2133.560 Executing VM operation: GetOrSetLocal
Event: 2133.561 Executing VM operation: GetOrSetLocal done


Dynamic libraries:
0x00007fffd0813000 	/System/Library/Frameworks/Cocoa.framework/Versions/A/Cocoa
0x00007fffd7473000 	/System/Library/Frameworks/Security.framework/Versions/A/Security
0x00007fffcf6ce000 	/System/Library/Frameworks/ApplicationServices.framework/Versions/A/ApplicationServices
0x00007fffe690a000 	/usr/lib/libz.1.dylib
0x00007fffe53e8000 	/usr/lib/libSystem.B.dylib
0x00007fffd0dad000 	/System/Library/Frameworks/CoreFoundation.framework/Versions/A/CoreFoundation
0x00007fffd2840000 	/System/Library/Frameworks/Foundation.framework/Versions/C/Foundation
0x00007fffe6110000 	/usr/lib/libobjc.A.dylib
0x00007fffce8e3000 	/System/Library/Frameworks/AppKit.framework/Versions/C/AppKit
0x00007fffd09ff000 	/System/Library/Frameworks/CoreData.framework/Versions/A/CoreData
0x00007fffe1e5e000 	/System/Library/PrivateFrameworks/RemoteViewServices.framework/Versions/A/RemoteViewServices
0x00007fffe3e58000 	/System/Library/PrivateFrameworks/UIFoundation.framework/Versions/A/UIFoundation
0x00007fffdd1fa000 	/System/Library/PrivateFrameworks/DFRFoundation.framework/Versions/A/DFRFoundation
0x00007fffe5a53000 	/usr/lib/libenergytrace.dylib
0x00007fffe2c8b000 	/System/Library/PrivateFrameworks/SkyLight.framework/Versions/A/SkyLight
0x00007fffd1241000 	/System/Library/Frameworks/CoreGraphics.framework/Versions/A/CoreGraphics
0x00007fffe53e3000 	/usr/lib/libScreenReader.dylib
0x00007fffcd7a6000 	/System/Library/Frameworks/Accelerate.framework/Versions/A/Accelerate
0x00007fffd2e3e000 	/System/Library/Frameworks/IOSurface.framework/Versions/A/IOSurface
0x00007fffcfbf1000 	/System/Library/Frameworks/AudioToolbox.framework/Versions/A/AudioToolbox
0x00007fffcfdfe000 	/System/Library/Frameworks/AudioUnit.framework/Versions/A/AudioUnit
0x00007fffdd23f000 	/System/Library/PrivateFrameworks/DataDetectorsCore.framework/Versions/A/DataDetectorsCore
0x00007fffdd330000 	/System/Library/PrivateFrameworks/DesktopServicesPriv.framework/Versions/A/DesktopServicesPriv
0x00007fffd0360000 	/System/Library/Frameworks/Carbon.framework/Versions/A/Frameworks/HIToolbox.framework/Versions/A/HIToolbox
0x00007fffe5b5c000 	/usr/lib/libicucore.A.dylib
0x00007fffd6d0a000 	/System/Library/Frameworks/QuartzCore.framework/Versions/A/QuartzCore
0x00007fffd072c000 	/System/Library/Frameworks/Carbon.framework/Versions/A/Frameworks/SpeechRecognition.framework/Versions/A/SpeechRecognition
0x00007fffe557a000 	/usr/lib/libauto.dylib
0x00007fffe67f0000 	/usr/lib/libxml2.2.dylib
0x00007fffdceb4000 	/System/Library/PrivateFrameworks/CoreUI.framework/Versions/A/CoreUI
0x00007fffd095d000 	/System/Library/Frameworks/CoreAudio.framework/Versions/A/CoreAudio
0x00007fffd26a9000 	/System/Library/Frameworks/DiskArbitration.framework/Versions/A/DiskArbitration
0x00007fffe5d87000 	/usr/lib/liblangid.dylib
0x00007fffe0d45000 	/System/Library/PrivateFrameworks/MultitouchSupport.framework/Versions/A/MultitouchSupport
0x00007fffd2da7000 	/System/Library/Frameworks/IOKit.framework/Versions/A/IOKit
0x00007fffe51a9000 	/usr/lib/libDiagnosticMessagesClient.dylib
0x00007fffd1c8d000 	/System/Library/Frameworks/CoreServices.framework/Versions/A/CoreServices
0x00007fffe1702000 	/System/Library/PrivateFrameworks/PerformanceAnalysis.framework/Versions/A/PerformanceAnalysis
0x00007fffdf182000 	/System/Library/PrivateFrameworks/GenerationalStorage.framework/Versions/A/GenerationalStorage
0x00007fffd5fd8000 	/System/Library/Frameworks/OpenGL.framework/Versions/A/OpenGL
0x00007fffd18e5000 	/System/Library/Frameworks/CoreImage.framework/Versions/A/CoreImage
0x00007fffd23b6000 	/System/Library/Frameworks/CoreText.framework/Versions/A/CoreText
0x00007fffd2e97000 	/System/Library/Frameworks/ImageIO.framework/Versions/A/ImageIO
0x00007fffdaa71000 	/System/Library/PrivateFrameworks/Backup.framework/Versions/A/Backup
0x00007fffe5455000 	/usr/lib/libarchive.2.dylib
0x00007fffcff67000 	/System/Library/Frameworks/CFNetwork.framework/Versions/A/CFNetwork
0x00007fffd7ba0000 	/System/Library/Frameworks/SystemConfiguration.framework/Versions/A/SystemConfiguration
0x00007fffe50f0000 	/usr/lib/libCRFSuite.dylib
0x00007fffe559b000 	/usr/lib/libc++.1.dylib
0x00007fffe55f2000 	/usr/lib/libc++abi.dylib
0x00007fffe692a000 	/usr/lib/system/libcache.dylib
0x00007fffe692f000 	/usr/lib/system/libcommonCrypto.dylib
0x00007fffe693a000 	/usr/lib/system/libcompiler_rt.dylib
0x00007fffe6942000 	/usr/lib/system/libcopyfile.dylib
0x00007fffe694b000 	/usr/lib/system/libcorecrypto.dylib
0x00007fffe69cf000 	/usr/lib/system/libdispatch.dylib
0x00007fffe6a01000 	/usr/lib/system/libdyld.dylib
0x00007fffe6a07000 	/usr/lib/system/libkeymgr.dylib
0x00007fffe6a15000 	/usr/lib/system/liblaunch.dylib
0x00007fffe6a16000 	/usr/lib/system/libmacho.dylib
0x00007fffe6a1c000 	/usr/lib/system/libquarantine.dylib
0x00007fffe6a1f000 	/usr/lib/system/libremovefile.dylib
0x00007fffe6a21000 	/usr/lib/system/libsystem_asl.dylib
0x00007fffe6a3a000 	/usr/lib/system/libsystem_blocks.dylib
0x00007fffe6a3b000 	/usr/lib/system/libsystem_c.dylib
0x00007fffe6ac9000 	/usr/lib/system/libsystem_configuration.dylib
0x00007fffe6acd000 	/usr/lib/system/libsystem_coreservices.dylib
0x00007fffe6ad1000 	/usr/lib/system/libsystem_coretls.dylib
0x00007fffe6aea000 	/usr/lib/system/libsystem_dnssd.dylib
0x00007fffe6af1000 	/usr/lib/system/libsystem_info.dylib
0x00007fffe6b1b000 	/usr/lib/system/libsystem_kernel.dylib
0x00007fffe6b3e000 	/usr/lib/system/libsystem_m.dylib
0x00007fffe6b86000 	/usr/lib/system/libsystem_malloc.dylib
0x00007fffe6ba5000 	/usr/lib/system/libsystem_network.dylib
0x00007fffe6bff000 	/usr/lib/system/libsystem_networkextension.dylib
0x00007fffe6c09000 	/usr/lib/system/libsystem_notify.dylib
0x00007fffe6c13000 	/usr/lib/system/libsystem_platform.dylib
0x00007fffe6c1c000 	/usr/lib/system/libsystem_pthread.dylib
0x00007fffe6c27000 	/usr/lib/system/libsystem_sandbox.dylib
0x00007fffe6c2b000 	/usr/lib/system/libsystem_secinit.dylib
0x00007fffe6c2d000 	/usr/lib/system/libsystem_symptoms.dylib
0x00007fffe6c35000 	/usr/lib/system/libsystem_trace.dylib
0x00007fffe6c49000 	/usr/lib/system/libunwind.dylib
0x00007fffe6c4f000 	/usr/lib/system/libxpc.dylib
0x00007fffe557b000 	/usr/lib/libbsm.0.dylib
0x00007fffe6a08000 	/usr/lib/system/libkxld.dylib
0x00007fffe5644000 	/usr/lib/libcoretls.dylib
0x00007fffe5645000 	/usr/lib/libcoretls_cfhelpers.dylib
0x00007fffe53e2000 	/usr/lib/libOpenScriptingUtil.dylib
0x00007fffe64e8000 	/usr/lib/libpam.2.dylib
0x00007fffe65a7000 	/usr/lib/libsqlite3.dylib
0x00007fffe67e2000 	/usr/lib/libxar.1.dylib
0x00007fffe558c000 	/usr/lib/libbz2.1.0.dylib
0x00007fffe5d89000 	/usr/lib/liblzma.5.dylib
0x00007fffe6095000 	/usr/lib/libnetwork.dylib
0x00007fffe64ed000 	/usr/lib/libpcap.A.dylib
0x00007fffd1ff0000 	/System/Library/Frameworks/CoreServices.framework/Versions/A/Frameworks/FSEvents.framework/Versions/A/FSEvents
0x00007fffd1ce0000 	/System/Library/Frameworks/CoreServices.framework/Versions/A/Frameworks/CarbonCore.framework/Versions/A/CarbonCore
0x00007fffd2166000 	/System/Library/Frameworks/CoreServices.framework/Versions/A/Frameworks/Metadata.framework/Versions/A/Metadata
0x00007fffd2217000 	/System/Library/Frameworks/CoreServices.framework/Versions/A/Frameworks/OSServices.framework/Versions/A/OSServices
0x00007fffd2277000 	/System/Library/Frameworks/CoreServices.framework/Versions/A/Frameworks/SearchKit.framework/Versions/A/SearchKit
0x00007fffd1c8e000 	/System/Library/Frameworks/CoreServices.framework/Versions/A/Frameworks/AE.framework/Versions/A/AE
0x00007fffd1ff9000 	/System/Library/Frameworks/CoreServices.framework/Versions/A/Frameworks/LaunchServices.framework/Versions/A/LaunchServices
0x00007fffd1fbc000 	/System/Library/Frameworks/CoreServices.framework/Versions/A/Frameworks/DictionaryServices.framework/Versions/A/DictionaryServices
0x00007fffd22e8000 	/System/Library/Frameworks/CoreServices.framework/Versions/A/Frameworks/SharedFileList.framework/Versions/A/SharedFileList
0x00007fffd5034000 	/System/Library/Frameworks/NetFS.framework/Versions/A/NetFS
0x00007fffe0e1f000 	/System/Library/PrivateFrameworks/NetAuth.framework/Versions/A/NetAuth
0x00007fffe5099000 	/System/Library/PrivateFrameworks/login.framework/Versions/A/Frameworks/loginsupport.framework/Versions/A/loginsupport
0x00007fffe3c8a000 	/System/Library/PrivateFrameworks/TCC.framework/Versions/A/TCC
0x00007fffe5dba000 	/usr/lib/libmecabra.dylib
0x00007fffcf6cf000 	/System/Library/Frameworks/ApplicationServices.framework/Versions/A/Frameworks/ATS.framework/Versions/A/ATS
0x00007fffcfa4e000 	/System/Library/Frameworks/ApplicationServices.framework/Versions/A/Frameworks/ColorSync.framework/Versions/A/ColorSync
0x00007fffcfaf9000 	/System/Library/Frameworks/ApplicationServices.framework/Versions/A/Frameworks/HIServices.framework/Versions/A/HIServices
0x00007fffcfb4b000 	/System/Library/Frameworks/ApplicationServices.framework/Versions/A/Frameworks/LangAnalysis.framework/Versions/A/LangAnalysis
0x00007fffcfb5b000 	/System/Library/Frameworks/ApplicationServices.framework/Versions/A/Frameworks/PrintCore.framework/Versions/A/PrintCore
0x00007fffcfba9000 	/System/Library/Frameworks/ApplicationServices.framework/Versions/A/Frameworks/QD.framework/Versions/A/QD
0x00007fffcfbe5000 	/System/Library/Frameworks/ApplicationServices.framework/Versions/A/Frameworks/SpeechSynthesis.framework/Versions/A/SpeechSynthesis
0x00007fffcd7bf000 	/System/Library/Frameworks/Accelerate.framework/Versions/A/Frameworks/vImage.framework/Versions/A/vImage
0x00007fffce624000 	/System/Library/Frameworks/Accelerate.framework/Versions/A/Frameworks/vecLib.framework/Versions/A/vecLib
0x00007fffce41e000 	/System/Library/Frameworks/Accelerate.framework/Versions/A/Frameworks/vecLib.framework/Versions/A/libvDSP.dylib
0x00007fffcdfc8000 	/System/Library/Frameworks/Accelerate.framework/Versions/A/Frameworks/vecLib.framework/Versions/A/libBNNS.dylib
0x00007fffce403000 	/System/Library/Frameworks/Accelerate.framework/Versions/A/Frameworks/vecLib.framework/Versions/A/libQuadrature.dylib
0x00007fffce56c000 	/System/Library/Frameworks/Accelerate.framework/Versions/A/Frameworks/vecLib.framework/Versions/A/libvMisc.dylib
0x00007fffcdfe0000 	/System/Library/Frameworks/Accelerate.framework/Versions/A/Frameworks/vecLib.framework/Versions/A/libLAPACK.dylib
0x00007fffcde00000 	/System/Library/Frameworks/Accelerate.framework/Versions/A/Frameworks/vecLib.framework/Versions/A/libBLAS.dylib
0x00007fffce3ec000 	/System/Library/Frameworks/Accelerate.framework/Versions/A/Frameworks/vecLib.framework/Versions/A/libLinearAlgebra.dylib
0x00007fffce40a000 	/System/Library/Frameworks/Accelerate.framework/Versions/A/Frameworks/vecLib.framework/Versions/A/libSparseBLAS.dylib
0x00007fffcf7d7000 	/System/Library/Frameworks/ApplicationServices.framework/Versions/A/Frameworks/ATS.framework/Versions/A/Resources/libFontParser.dylib
0x00007fffcf907000 	/System/Library/Frameworks/ApplicationServices.framework/Versions/A/Frameworks/ATS.framework/Versions/A/Resources/libFontRegistry.dylib
0x00007fffd30f2000 	/System/Library/Frameworks/ImageIO.framework/Versions/A/Resources/libJPEG.dylib
0x00007fffd3140000 	/System/Library/Frameworks/ImageIO.framework/Versions/A/Resources/libTIFF.dylib
0x00007fffd3116000 	/System/Library/Frameworks/ImageIO.framework/Versions/A/Resources/libPng.dylib
0x00007fffd2ffb000 	/System/Library/Frameworks/ImageIO.framework/Versions/A/Resources/libGIF.dylib
0x00007fffd3000000 	/System/Library/Frameworks/ImageIO.framework/Versions/A/Resources/libJP2.dylib
0x00007fffd313d000 	/System/Library/Frameworks/ImageIO.framework/Versions/A/Resources/libRadiance.dylib
0x00007fffe562d000 	/usr/lib/libcompression.dylib
0x00007fffda5b3000 	/System/Library/PrivateFrameworks/AppleJPEG.framework/Versions/A/AppleJPEG
0x00007fffe5983000 	/usr/lib/libcups.2.dylib
0x00007fffd3ef7000 	/System/Library/Frameworks/Kerberos.framework/Versions/A/Kerberos
0x00007fffd2c12000 	/System/Library/Frameworks/GSS.framework/Versions/A/GSS
0x00007fffe653b000 	/usr/lib/libresolv.9.dylib
0x00007fffe5a69000 	/usr/lib/libiconv.2.dylib
0x00007fffdf8af000 	/System/Library/PrivateFrameworks/Heimdal.framework/Versions/A/Heimdal
0x00007fffe5a63000 	/usr/lib/libheimdal-asn1.dylib
0x00007fffd544d000 	/System/Library/Frameworks/OpenDirectory.framework/Versions/A/OpenDirectory
0x00007fffdc0c6000 	/System/Library/PrivateFrameworks/CommonAuth.framework/Versions/A/CommonAuth
0x00007fffd5433000 	/System/Library/Frameworks/OpenDirectory.framework/Versions/A/Frameworks/CFOpenDirectory.framework/Versions/A/CFOpenDirectory
0x00007fffd7776000 	/System/Library/Frameworks/SecurityFoundation.framework/Versions/A/SecurityFoundation
0x00007fffe0067000 	/System/Library/PrivateFrameworks/LanguageModeling.framework/Versions/A/LanguageModeling
0x00007fffe5da3000 	/usr/lib/libmarisa.dylib
0x00007fffe510c000 	/usr/lib/libChineseTokenizer.dylib
0x00007fffe561c000 	/usr/lib/libcmph.dylib
0x00007fffdc818000 	/System/Library/PrivateFrameworks/CoreEmoji.framework/Versions/A/CoreEmoji
0x00007fffd7816000 	/System/Library/Frameworks/ServiceManagement.framework/Versions/A/ServiceManagement
0x00007fffe68e0000 	/usr/lib/libxslt.1.dylib
0x00007fffd0674000 	/System/Library/Frameworks/Carbon.framework/Versions/A/Frameworks/Ink.framework/Versions/A/Ink
0x00007fffe3d1c000 	/System/Library/PrivateFrameworks/TextureIO.framework/Versions/A/TextureIO
0x00007fffd46f0000 	/System/Library/Frameworks/Metal.framework/Versions/A/Metal
0x00007fffe5481000 	/usr/lib/libate.dylib
0x00007fffdeeb1000 	/System/Library/PrivateFrameworks/GPUCompiler.framework/libmetal_timestamp.dylib
0x00007fffd545c000 	/System/Library/Frameworks/OpenGL.framework/Versions/A/Libraries/libCoreFSCache.dylib
0x00007fffdff40000 	/System/Library/PrivateFrameworks/IOAccelerator.framework/Versions/A/IOAccelerator
0x00007fffd2504000 	/System/Library/Frameworks/CoreVideo.framework/Versions/A/CoreVideo
0x00007fffe51ab000 	/usr/lib/libFosl_dynamic.dylib
0x00007fffe0b3f000 	/System/Library/PrivateFrameworks/MetalPerformanceShaders.framework/Versions/A/MetalPerformanceShaders
0x00007fffdd729000 	/System/Library/PrivateFrameworks/FaceCore.framework/Versions/A/FaceCore
0x00007fffd53e4000 	/System/Library/Frameworks/OpenCL.framework/Versions/A/OpenCL
0x00007fffd562f000 	/System/Library/Frameworks/OpenGL.framework/Versions/A/Libraries/libGLU.dylib
0x00007fffd5465000 	/System/Library/Frameworks/OpenGL.framework/Versions/A/Libraries/libGFXShared.dylib
0x00007fffd546f000 	/System/Library/Frameworks/OpenGL.framework/Versions/A/Libraries/libGL.dylib
0x00007fffd547b000 	/System/Library/Frameworks/OpenGL.framework/Versions/A/Libraries/libGLImage.dylib
0x00007fffd5459000 	/System/Library/Frameworks/OpenGL.framework/Versions/A/Libraries/libCVMSPluginSupport.dylib
0x00007fffd5460000 	/System/Library/Frameworks/OpenGL.framework/Versions/A/Libraries/libCoreVMClient.dylib
0x00007fffdd17a000 	/System/Library/PrivateFrameworks/CrashReporterSupport.framework/Versions/A/CrashReporterSupport
0x00007fffe2bdd000 	/System/Library/PrivateFrameworks/Sharing.framework/Versions/A/Sharing
0x00007fffdff5e000 	/System/Library/PrivateFrameworks/IconServices.framework/Versions/A/IconServices
0x00007fffe1e2b000 	/System/Library/PrivateFrameworks/ProtocolBuffer.framework/Versions/A/ProtocolBuffer
0x00007fffda490000 	/System/Library/PrivateFrameworks/Apple80211.framework/Versions/A/Apple80211
0x00007fffd253a000 	/System/Library/Frameworks/CoreWLAN.framework/Versions/A/CoreWLAN
0x00007fffdcff4000 	/System/Library/PrivateFrameworks/CoreUtils.framework/Versions/A/CoreUtils
0x00007fffd2d03000 	/System/Library/Frameworks/IOBluetooth.framework/Versions/A/IOBluetooth
0x00007fffdd114000 	/System/Library/PrivateFrameworks/CoreWiFi.framework/Versions/A/CoreWiFi
0x00007fffd09eb000 	/System/Library/Frameworks/CoreBluetooth.framework/Versions/A/CoreBluetooth
0x00007fffd0cff000 	/System/Library/Frameworks/CoreDisplay.framework/Versions/A/CoreDisplay
0x00007fffdff49000 	/System/Library/PrivateFrameworks/IOPresentment.framework/Versions/A/IOPresentment
0x00007fffdd205000 	/System/Library/PrivateFrameworks/DSExternalDisplay.framework/Versions/A/DSExternalDisplay
0x00007fffdd2f0000 	/System/Library/PrivateFrameworks/DebugSymbols.framework/Versions/A/DebugSymbols
0x00007fffdce24000 	/System/Library/PrivateFrameworks/CoreSymbolication.framework/Versions/A/CoreSymbolication
0x00007fffe37d7000 	/System/Library/PrivateFrameworks/Symbolication.framework/Versions/A/Symbolication
0x00007fffda4b3000 	/System/Library/PrivateFrameworks/AppleFSCompression.framework/Versions/A/AppleFSCompression
0x00007fffe30df000 	/System/Library/PrivateFrameworks/SpeechRecognitionCore.framework/Versions/A/SpeechRecognitionCore
0x00007fffdb77a000 	/System/Library/PrivateFrameworks/ChunkingLibrary.framework/Versions/A/ChunkingLibrary
0x000000010cc00000 	/Library/Java/JavaVirtualMachines/jdk-10.0.1.jdk/Contents/Home/lib/server/libjvm.dylib
0x00007fffe6749000 	/usr/lib/libstdc++.6.dylib
0x000000010c3a1000 	/Library/Java/JavaVirtualMachines/jdk-10.0.1.jdk/Contents/Home/lib/libverify.dylib
0x000000010c3ae000 	/Library/Java/JavaVirtualMachines/jdk-10.0.1.jdk/Contents/Home/lib/libjava.dylib
0x000000010daa2000 	/Library/Java/JavaVirtualMachines/jdk-10.0.1.jdk/Contents/Home/lib/libjdwp.dylib
0x000000010c3e5000 	/Library/Java/JavaVirtualMachines/jdk-10.0.1.jdk/Contents/Home/lib/libinstrument.dylib
0x000000010db19000 	/Library/Java/JavaVirtualMachines/jdk-10.0.1.jdk/Contents/Home/lib/libzip.dylib
0x000000010db21000 	/Library/Java/JavaVirtualMachines/jdk-10.0.1.jdk/Contents/Home/lib/libjimage.dylib
0x0000000119f86000 	/Library/Java/JavaVirtualMachines/jdk-10.0.1.jdk/Contents/Home/lib/libdt_socket.dylib
0x000000012d99e000 	/Library/Java/JavaVirtualMachines/jdk-10.0.1.jdk/Contents/Home/lib/libnio.dylib
0x000000012d9ae000 	/Library/Java/JavaVirtualMachines/jdk-10.0.1.jdk/Contents/Home/lib/./libnet.dylib


VM Arguments:
jvm_args: -agentlib:jdwp=transport=dt_socket,address=127.0.0.1:50429,suspend=y,server=n -javaagent:/Users/minhnguyen/Library/Caches/IntelliJIdea2018.1/captureAgent/debugger-agent.jar=file:/private/var/folders/g4/vsj_4l156b1dspf1y_n6ws0h0000gn/T/capture.props -Dfile.encoding=UTF-8 
java_command: edu.pdx.cs410J.minh9.Project3 -pretty /Users/minhnguyen/Desktop/minh9.txt -textFile /Users/minhnguyen/Desktop/dump.txt -print Minh Nguyen 123-456-7890 111-567-9081 01/07/2018 01:06 pm 01/17/2018 6:02 am
java_class_path (initial): /Users/minhnguyen/Desktop/CS410J-GIT/CS410J/Prj1/phonebill/target/classes:/Users/minhnguyen/.m2/repository/edu/pdx/cs410J/projects/Summer2018/projects-Summer2018.jar:/Users/minhnguyen/Desktop/IntelliJ IDEA.app/Contents/lib/idea_rt.jar
Launcher Type: SUN_STANDARD

Logging:
Log output configuration:
#0: stdout all=warning uptime,level,tags
#1: stderr all=off uptime,level,tags

Environment Variables:
JAVA_HOME=/Library/Java/JavaVirtualMachines/jdk-10.0.1.jdk/Contents/Home
CLASSPATH=.:/Users/username/introcs/
PATH=/usr/bin:/bin:/usr/sbin:/sbin:/usr/local/bin:/Applications/Wireshark.app/Contents/MacOS:/Users/minhnguyen/Downloads/apache-maven-3.5.4/bin
SHELL=/bin/bash

Signal Handlers:
SIGSEGV: [libjvm.dylib+0x79ac14], sa_mask[0]=11111111011111110111111111111111, sa_flags=SA_ONSTACK|SA_RESTART|SA_SIGINFO
SIGBUS: [libjvm.dylib+0x79ac14], sa_mask[0]=11111111011111110111111111111111, sa_flags=SA_RESTART|SA_SIGINFO
SIGFPE: [libjvm.dylib+0x79ac14], sa_mask[0]=11111111011111110111111111111111, sa_flags=SA_RESTART|SA_SIGINFO
SIGPIPE: [libjvm.dylib+0x635960], sa_mask[0]=11111111011111110111111111111111, sa_flags=SA_RESTART|SA_SIGINFO
SIGXFSZ: [libjvm.dylib+0x635960], sa_mask[0]=11111111011111110111111111111111, sa_flags=SA_RESTART|SA_SIGINFO
SIGILL: [libjvm.dylib+0x79ac14], sa_mask[0]=11111111011111110111111111111111, sa_flags=SA_RESTART|SA_SIGINFO
SIGUSR2: [libjvm.dylib+0x6361f0], sa_mask[0]=00100000000000000000000000000000, sa_flags=SA_RESTART|SA_SIGINFO
SIGHUP: [libjvm.dylib+0x6349db], sa_mask[0]=11111111011111110111111111111111, sa_flags=SA_RESTART|SA_SIGINFO
SIGINT: [libjvm.dylib+0x6349db], sa_mask[0]=11111111011111110111111111111111, sa_flags=SA_RESTART|SA_SIGINFO
SIGTERM: [libjvm.dylib+0x6349db], sa_mask[0]=11111111011111110111111111111111, sa_flags=SA_RESTART|SA_SIGINFO
SIGQUIT: [libjvm.dylib+0x6349db], sa_mask[0]=11111111011111110111111111111111, sa_flags=SA_RESTART|SA_SIGINFO


---------------  S Y S T E M  ---------------

OS:uname:Darwin 16.7.0 Darwin Kernel Version 16.7.0: Thu Jun 15 17:36:27 PDT 2017; root:xnu-3789.70.16~2/RELEASE_X86_64 x86_64
rlimit: STACK 8192k, CORE 0k, NPROC 709, NOFILE 10240, AS infinity, DATA infinity, FSIZE infinity
load average:4.20 4.24 5.04

CPU:total 4 (initial active 4) (2 cores per cpu, 2 threads per core) family 6 model 42 stepping 7, cmov, cx8, fxsr, mmx, sse, sse2, sse3, ssse3, sse4.1, sse4.2, popcnt, avx, aes, clmul, ht, tsc, tscinvbit

Memory: 4k page, physical 4194304k(18144k free)

vm_info: Java HotSpot(TM) 64-Bit Server VM (10.0.1+10) for bsd-amd64 JRE (10.0.1+10), built on Mar 27 2018 01:13:17 by "mach5one" with gcc 4.2.1 Compatible Apple LLVM 6.1.0 (clang-602.0.49)

END.
