#
# A fatal error has been detected by the Java Runtime Environment:
#
#  SIGSEGV (0xb) at pc=0x0000000106f10182, pid=51333, tid=7939
#
# JRE version: Java(TM) SE Runtime Environment (10.0.1+10) (build 10.0.1+10)
# Java VM: Java HotSpot(TM) 64-Bit Server VM (10.0.1+10, mixed mode, tiered, compressed oops, g1 gc, bsd-amd64)
# Problematic frame:
# V  [libjvm.dylib+0x710182]  Symbol::as_C_string() const+0xa
#
# No core dump will be written. Core dumps have been disabled. To enable core dumping, try "ulimit -c unlimited" before starting Java again
#
# If you would like to submit a bug report, please visit:
#   http://bugreport.java.com/bugreport/crash.jsp
#

---------------  S U M M A R Y ------------

Command Line: -agentlib:jdwp=transport=dt_socket,address=127.0.0.1:53059,suspend=y,server=n -javaagent:/Users/minhnguyen/Library/Caches/IntelliJIdea2018.1/captureAgent/debugger-agent.jar=file:/private/var/folders/g4/vsj_4l156b1dspf1y_n6ws0h0000gn/T/capture.props -Dfile.encoding=UTF-8 edu.pdx.cs410J.minh9.Project2 -Print -textFile /Users/minhnguyen/Desktop/Dump.txt minh nguyen  503-433-1830 971-312-7058 07/20/2018 1:00 07/20/2018 2:00

Host: MacBookPro8,1 x86_64 2700 MHz, 4 cores, 4G, Darwin 16.7.0
Time: Thu Jul 19 23:50:58 2018 PDT elapsed time: 7655 seconds (0d 2h 7m 35s)

---------------  T H R E A D  ---------------

Current thread (0x00007fe851002800):  JavaThread "main" [_thread_in_vm, id=7939, stack(0x0000000105e97000,0x0000000105f97000)]

Stack: [0x0000000105e97000,0x0000000105f97000],  sp=0x0000000105f96670,  free space=1021k
Native frames: (J=compiled Java code, A=aot compiled Java code, j=interpreted, Vv=VM code, C=native code)
V  [libjvm.dylib+0x710182]  Symbol::as_C_string() const+0xa
V  [libjvm.dylib+0x511625]  LinkResolver::resolve_field(fieldDescriptor&, LinkInfo const&, Bytecodes::Code, bool, Thread*)+0x279
V  [libjvm.dylib+0x511398]  LinkResolver::resolve_field_access(fieldDescriptor&, constantPoolHandle const&, int, methodHandle const&, Bytecodes::Code, Thread*)+0x40
V  [libjvm.dylib+0x3cf8a5]  InterpreterRuntime::resolve_get_put(JavaThread*, Bytecodes::Code)+0x191
V  [libjvm.dylib+0x3d077f]  InterpreterRuntime::resolve_from_cache(JavaThread*, Bytecodes::Code)+0x53
j  edu.pdx.cs410J.minh9.Project2.main([Ljava/lang/String;)V+220
v  ~StubRoutines::call_stub
V  [libjvm.dylib+0x3d8c3e]  JavaCalls::call_helper(JavaValue*, methodHandle const&, JavaCallArguments*, Thread*)+0x216
V  [libjvm.dylib+0x41859d]  jni_invoke_static(JNIEnv_*, JavaValue*, _jobject*, JNICallType, _jmethodID*, JNI_ArgumentPusher*, Thread*)+0x12d
V  [libjvm.dylib+0x41ae3d]  jni_CallStaticVoidMethod+0x183
C  [java+0x5034]  JavaMain+0xb9f
C  [libsystem_pthread.dylib+0x393b]  _pthread_body+0xb4
C  [libsystem_pthread.dylib+0x3887]  _pthread_body+0x0
C  [libsystem_pthread.dylib+0x308d]  thread_start+0xd
C  0x0000000000000000

Java frames: (J=compiled Java code, j=interpreted, Vv=VM code)
j  edu.pdx.cs410J.minh9.Project2.main([Ljava/lang/String;)V+220
v  ~StubRoutines::call_stub

siginfo: si_signo: 11 (SIGSEGV), si_code: 1 (SEGV_MAPERR), si_addr: 0x0000000000000000

Register to memory mapping:

RAX=0x00000001071d7bf0: _ZN9vmSymbols8_symbolsE+0 in /Library/Java/JavaVirtualMachines/jdk-10.0.1.jdk/Contents/Home/lib/server/libjvm.dylib at 0x0000000106800000
RBX=0x00007fe851002800 is a thread
RCX=0x00007fe84fe00b90 is an unknown value
RDX=0x0000000000000000 is an unknown value
RSP=0x0000000105f96670 is pointing into the stack for thread: 0x00007fe851002800
RBP=0x0000000105f96680 is pointing into the stack for thread: 0x00007fe851002800
RSI=0x0000000000000000 is an unknown value
RDI=0x0000000000000000 is an unknown value
R8 =0x0000000000000000 is an unknown value
R9 =0x0000000000000000 is an unknown value
R10=0x00007fe84fc55b70 is an unknown value
R11=0x0000000000000002 is an unknown value
R12=0x0000000105f96820 is pointing into the stack for thread: 0x00007fe851002800
R13=0x0000000000000000 is an unknown value
R14=0x0000000000000000 is an unknown value
R15=0x000000010c671358 is an unknown value


Registers:
RAX=0x00000001071d7bf0, RBX=0x00007fe851002800, RCX=0x00007fe84fe00b90, RDX=0x0000000000000000
RSP=0x0000000105f96670, RBP=0x0000000105f96680, RSI=0x0000000000000000, RDI=0x0000000000000000
R8 =0x0000000000000000, R9 =0x0000000000000000, R10=0x00007fe84fc55b70, R11=0x0000000000000002
R12=0x0000000105f96820, R13=0x0000000000000000, R14=0x0000000000000000, R15=0x000000010c671358
RIP=0x0000000106f10182, EFLAGS=0x0000000000010246, ERR=0x0000000000000004
  TRAPNO=0x000000000000000e

Top of Stack: (sp=0x0000000105f96670)
0x0000000105f96670:   00007fe851002800 0000000000000000
0x0000000105f96680:   0000000105f96810 0000000106d11625
0x0000000105f96690:   0000000105f967d0 0000000106cd3d2d
0x0000000105f966a0:   000000024fe01200 000000012746d9ec
0x0000000105f966b0:   00007fe851002800 0000000000000000
0x0000000105f966c0:   0000000151002a70 00000000000000b2
0x0000000105f966d0:   00000007c006c468 00007fe84fe2a0f0
0x0000000105f966e0:   0000000000000084 000000012746da40
0x0000000105f966f0:   00007fe851002800 00007fe851002800
0x0000000105f96700:   00007fe84fe01200 00007fe84fe01250
0x0000000105f96710:   00007fe84fe011d0 00007fe84fe00b90
0x0000000105f96720:   00007fe84fe00ba0 00007fe84fe00f78
0x0000000105f96730:   00000000000003d8 00007fe84fe011d0
0x0000000105f96740:   00007fe84fe00b90 00007fe84fe00ba0
0x0000000105f96750:   00007fe84fe00f78 00000000000003d8
0x0000000105f96760:   0000000000000000 00007fe851002800
0x0000000105f96770:   00000000000000ca 00007fe851002800
0x0000000105f96780:   00007fe851002800 0000000105f968b0
0x0000000105f96790:   0000000105f967d0 0000000106b9968a
0x0000000105f967a0:   000000012746c258 000000012746d070
0x0000000105f967b0:   0000000105f96820 00000000000000ca
0x0000000105f967c0:   0000000105f968b0 0000000105f968c0
0x0000000105f967d0:   0000000105f96810 0000000106d0fbff
0x0000000105f967e0:   58bdbcd47a0500ba 00007fe851002800
0x0000000105f967f0:   0000000000000001 000000012746cf24
0x0000000105f96800:   00000000000000b2 0000000105f96900
0x0000000105f96810:   0000000105f96870 0000000106d11398
0x0000000105f96820:   0000000000000000 0000000000000000
0x0000000105f96830:   00000007c006c468 00000007c006baa0
0x0000000105f96840:   000000012746d070 00007fe851002800
0x0000000105f96850:   0000000105f90001 00007fe851002800
0x0000000105f96860:   0000000105f96a01 00000000000000b2 

Instructions: (pc=0x0000000106f10182)
0x0000000106f10162:   ff c7 48 ff c2 ff c9 75 f2 49 63 c0 c6 04 06 00
0x0000000106f10172:   48 89 f0 5d c3 90 55 48 89 e5 41 56 53 49 89 fe
0x0000000106f10182:   41 0f b7 1e ff c3 31 f6 48 89 df e8 39 68 f9 ff
0x0000000106f10192:   4c 89 f7 48 89 c6 89 da 5b 41 5e 5d e9 8d ff ff 


---------------  P R O C E S S  ---------------

Threads class SMR info:
_java_thread_list=0x00007fe84ff30330, length=13, elements={
0x00007fe851002800, 0x00007fe850035800, 0x00007fe85100b800, 0x00007fe85102b800,
0x00007fe85100c000, 0x00007fe851011800, 0x00007fe85083a800, 0x00007fe85083b800,
0x00007fe850836000, 0x00007fe851851000, 0x00007fe85012e800, 0x00007fe851012800,
0x00007fe8508ae000
}

Java Threads: ( => current thread )
=>0x00007fe851002800 JavaThread "main" [_thread_in_vm, id=7939, stack(0x0000000105e97000,0x0000000105f97000)]
  0x00007fe850035800 JavaThread "Reference Handler" daemon [_thread_blocked, id=18179, stack(0x0000700006bb3000,0x0000700006cb3000)]
  0x00007fe85100b800 JavaThread "Finalizer" daemon [_thread_blocked, id=18947, stack(0x0000700006cb6000,0x0000700006db6000)]
  0x00007fe85102b800 JavaThread "Signal Dispatcher" daemon [_thread_blocked, id=23299, stack(0x0000700006db9000,0x0000700006eb9000)]
  0x00007fe85100c000 JavaThread "C2 CompilerThread0" daemon [_thread_blocked, id=24067, stack(0x0000700006ebc000,0x0000700006fbc000)]
  0x00007fe851011800 JavaThread "C2 CompilerThread1" daemon [_thread_blocked, id=24835, stack(0x0000700006fbf000,0x00007000070bf000)]
  0x00007fe85083a800 JavaThread "C1 CompilerThread2" daemon [_thread_blocked, id=25603, stack(0x00007000070c2000,0x00007000071c2000)]
  0x00007fe85083b800 JavaThread "Sweeper thread" daemon [_thread_blocked, id=26371, stack(0x00007000071c5000,0x00007000072c5000)]
  0x00007fe850836000 JavaThread "JDWP Transport Listener: dt_socket" daemon [_thread_blocked, id=27139, stack(0x00007000072c8000,0x00007000073c8000)]
  0x00007fe851851000 JavaThread "JDWP Event Helper Thread" daemon [_thread_blocked, id=27907, stack(0x00007000073cb000,0x00007000074cb000)]
  0x00007fe85012e800 JavaThread "JDWP Command Reader" daemon [_thread_in_native, id=28675, stack(0x00007000074ce000,0x00007000075ce000)]
  0x00007fe851012800 JavaThread "Common-Cleaner" daemon [_thread_blocked, id=29443, stack(0x00007000075d1000,0x00007000076d1000)]
  0x00007fe8508ae000 JavaThread "Service Thread" daemon [_thread_blocked, id=30211, stack(0x00007000076d4000,0x00007000077d4000)]

Other Threads:
  0x00007fe850030800 VMThread "VM Thread" [stack: 0x0000700006ab0000,0x0000700006bb0000] [id=17411]
  0x00007fe8510e6800 WatcherThread [stack: 0x00007000077d7000,0x00007000078d7000] [id=30723]
  0x00007fe85080d800 GCTaskThread "GC Thread#0" [stack: 0x0000700005f8f000,0x000070000608f000] [id=11267]
  0x00007fe85080e000 GCTaskThread "GC Thread#1" [stack: 0x0000700006092000,0x0000700006192000] [id=11779]
  0x00007fe85080f000 GCTaskThread "GC Thread#2" [stack: 0x0000700006195000,0x0000700006295000] [id=12291]
  0x00007fe85000d800 GCTaskThread "GC Thread#3" [stack: 0x0000700006298000,0x0000700006398000] [id=12803]
  0x00007fe850824000 ConcurrentGCThread "G1 Main Marker" [stack: 0x000070000639b000,0x000070000649b000] [id=13315]
  0x00007fe851802000 ConcurrentGCThread "G1 Conc#0" [stack: 0x000070000649e000,0x000070000659e000] [id=14339]
  0x00007fe851822800 ConcurrentGCThread "G1 Refine#0" [stack: 0x00007000065a1000,0x00007000066a1000] [id=14851]
  0x00007fe850825000 ConcurrentGCThread "G1 Refine#1" [stack: 0x00007000066a4000,0x00007000067a4000] [id=15363]
  0x00007fe85000e000 ConcurrentGCThread "G1 Refine#2" [stack: 0x00007000067a7000,0x00007000068a7000] [id=15875]
  0x00007fe85000f000 ConcurrentGCThread "G1 Refine#3" [stack: 0x00007000068aa000,0x00007000069aa000] [id=16387]
  0x00007fe85000f800 ConcurrentGCThread "G1 Young RemSet Sampling" [stack: 0x00007000069ad000,0x0000700006aad000] [id=16899]

Threads with active compile tasks:

VM state:not at safepoint (normal execution)

VM Mutex/Monitor currently owned by a thread: None

Heap address: 0x0000000780000000, size: 1024 MB, Compressed Oops mode: Zero based, Oop shift amount: 3
Narrow klass base: 0x0000000000000000, Narrow klass shift: 3
Compressed class space size: 1073741824 Address: 0x00000007c0000000

Heap:
 garbage-first heap   total 65536K, used 7168K [0x0000000780000000, 0x00000007c0000000)
  region size 1024K, 8 young (8192K), 0 survivors (0K)
 Metaspace       used 7798K, capacity 8045K, committed 8320K, reserved 1056768K
  class space    used 671K, capacity 770K, committed 896K, reserved 1048576K
Heap Regions: E=young(eden), S=young(survivor), O=old, HS=humongous(starts), HC=humongous(continues), CS=collection set, F=free, A=archive, TS=gc time stamp, AC=allocation context, TAMS=top-at-mark-start (previous, next)
|   0|0x0000000780000000, 0x0000000780000000, 0x0000000780100000|  0%| F|  |TS  0|AC  0|TAMS 0x0000000780000000, 0x0000000780000000|
|   1|0x0000000780100000, 0x0000000780100000, 0x0000000780200000|  0%| F|  |TS  0|AC  0|TAMS 0x0000000780100000, 0x0000000780100000|
|   2|0x0000000780200000, 0x0000000780200000, 0x0000000780300000|  0%| F|  |TS  0|AC  0|TAMS 0x0000000780200000, 0x0000000780200000|
|   3|0x0000000780300000, 0x0000000780300000, 0x0000000780400000|  0%| F|  |TS  0|AC  0|TAMS 0x0000000780300000, 0x0000000780300000|
|   4|0x0000000780400000, 0x0000000780400000, 0x0000000780500000|  0%| F|  |TS  0|AC  0|TAMS 0x0000000780400000, 0x0000000780400000|
|   5|0x0000000780500000, 0x0000000780500000, 0x0000000780600000|  0%| F|  |TS  0|AC  0|TAMS 0x0000000780500000, 0x0000000780500000|
|   6|0x0000000780600000, 0x0000000780600000, 0x0000000780700000|  0%| F|  |TS  0|AC  0|TAMS 0x0000000780600000, 0x0000000780600000|
|   7|0x0000000780700000, 0x0000000780700000, 0x0000000780800000|  0%| F|  |TS  0|AC  0|TAMS 0x0000000780700000, 0x0000000780700000|
|   8|0x0000000780800000, 0x0000000780800000, 0x0000000780900000|  0%| F|  |TS  0|AC  0|TAMS 0x0000000780800000, 0x0000000780800000|
|   9|0x0000000780900000, 0x0000000780900000, 0x0000000780a00000|  0%| F|  |TS  0|AC  0|TAMS 0x0000000780900000, 0x0000000780900000|
|  10|0x0000000780a00000, 0x0000000780a00000, 0x0000000780b00000|  0%| F|  |TS  0|AC  0|TAMS 0x0000000780a00000, 0x0000000780a00000|
|  11|0x0000000780b00000, 0x0000000780b00000, 0x0000000780c00000|  0%| F|  |TS  0|AC  0|TAMS 0x0000000780b00000, 0x0000000780b00000|
|  12|0x0000000780c00000, 0x0000000780c00000, 0x0000000780d00000|  0%| F|  |TS  0|AC  0|TAMS 0x0000000780c00000, 0x0000000780c00000|
|  13|0x0000000780d00000, 0x0000000780d00000, 0x0000000780e00000|  0%| F|  |TS  0|AC  0|TAMS 0x0000000780d00000, 0x0000000780d00000|
|  14|0x0000000780e00000, 0x0000000780e00000, 0x0000000780f00000|  0%| F|  |TS  0|AC  0|TAMS 0x0000000780e00000, 0x0000000780e00000|
|  15|0x0000000780f00000, 0x0000000780f00000, 0x0000000781000000|  0%| F|  |TS  0|AC  0|TAMS 0x0000000780f00000, 0x0000000780f00000|
|  16|0x0000000781000000, 0x0000000781000000, 0x0000000781100000|  0%| F|  |TS  0|AC  0|TAMS 0x0000000781000000, 0x0000000781000000|
|  17|0x0000000781100000, 0x0000000781100000, 0x0000000781200000|  0%| F|  |TS  0|AC  0|TAMS 0x0000000781100000, 0x0000000781100000|
|  18|0x0000000781200000, 0x0000000781200000, 0x0000000781300000|  0%| F|  |TS  0|AC  0|TAMS 0x0000000781200000, 0x0000000781200000|
|  19|0x0000000781300000, 0x0000000781300000, 0x0000000781400000|  0%| F|  |TS  0|AC  0|TAMS 0x0000000781300000, 0x0000000781300000|
|  20|0x0000000781400000, 0x0000000781400000, 0x0000000781500000|  0%| F|  |TS  0|AC  0|TAMS 0x0000000781400000, 0x0000000781400000|
|  21|0x0000000781500000, 0x0000000781500000, 0x0000000781600000|  0%| F|  |TS  0|AC  0|TAMS 0x0000000781500000, 0x0000000781500000|
|  22|0x0000000781600000, 0x0000000781600000, 0x0000000781700000|  0%| F|  |TS  0|AC  0|TAMS 0x0000000781600000, 0x0000000781600000|
|  23|0x0000000781700000, 0x0000000781700000, 0x0000000781800000|  0%| F|  |TS  0|AC  0|TAMS 0x0000000781700000, 0x0000000781700000|
|  24|0x0000000781800000, 0x0000000781800000, 0x0000000781900000|  0%| F|  |TS  0|AC  0|TAMS 0x0000000781800000, 0x0000000781800000|
|  25|0x0000000781900000, 0x0000000781900000, 0x0000000781a00000|  0%| F|  |TS  0|AC  0|TAMS 0x0000000781900000, 0x0000000781900000|
|  26|0x0000000781a00000, 0x0000000781a00000, 0x0000000781b00000|  0%| F|  |TS  0|AC  0|TAMS 0x0000000781a00000, 0x0000000781a00000|
|  27|0x0000000781b00000, 0x0000000781b00000, 0x0000000781c00000|  0%| F|  |TS  0|AC  0|TAMS 0x0000000781b00000, 0x0000000781b00000|
|  28|0x0000000781c00000, 0x0000000781c00000, 0x0000000781d00000|  0%| F|  |TS  0|AC  0|TAMS 0x0000000781c00000, 0x0000000781c00000|
|  29|0x0000000781d00000, 0x0000000781d00000, 0x0000000781e00000|  0%| F|  |TS  0|AC  0|TAMS 0x0000000781d00000, 0x0000000781d00000|
|  30|0x0000000781e00000, 0x0000000781e00000, 0x0000000781f00000|  0%| F|  |TS  0|AC  0|TAMS 0x0000000781e00000, 0x0000000781e00000|
|  31|0x0000000781f00000, 0x0000000781f00000, 0x0000000782000000|  0%| F|  |TS  0|AC  0|TAMS 0x0000000781f00000, 0x0000000781f00000|
|  32|0x0000000782000000, 0x0000000782000000, 0x0000000782100000|  0%| F|  |TS  0|AC  0|TAMS 0x0000000782000000, 0x0000000782000000|
|  33|0x0000000782100000, 0x0000000782100000, 0x0000000782200000|  0%| F|  |TS  0|AC  0|TAMS 0x0000000782100000, 0x0000000782100000|
|  34|0x0000000782200000, 0x0000000782200000, 0x0000000782300000|  0%| F|  |TS  0|AC  0|TAMS 0x0000000782200000, 0x0000000782200000|
|  35|0x0000000782300000, 0x0000000782300000, 0x0000000782400000|  0%| F|  |TS  0|AC  0|TAMS 0x0000000782300000, 0x0000000782300000|
|  36|0x0000000782400000, 0x0000000782400000, 0x0000000782500000|  0%| F|  |TS  0|AC  0|TAMS 0x0000000782400000, 0x0000000782400000|
|  37|0x0000000782500000, 0x0000000782500000, 0x0000000782600000|  0%| F|  |TS  0|AC  0|TAMS 0x0000000782500000, 0x0000000782500000|
|  38|0x0000000782600000, 0x0000000782600000, 0x0000000782700000|  0%| F|  |TS  0|AC  0|TAMS 0x0000000782600000, 0x0000000782600000|
|  39|0x0000000782700000, 0x0000000782700000, 0x0000000782800000|  0%| F|  |TS  0|AC  0|TAMS 0x0000000782700000, 0x0000000782700000|
|  40|0x0000000782800000, 0x0000000782800000, 0x0000000782900000|  0%| F|  |TS  0|AC  0|TAMS 0x0000000782800000, 0x0000000782800000|
|  41|0x0000000782900000, 0x0000000782900000, 0x0000000782a00000|  0%| F|  |TS  0|AC  0|TAMS 0x0000000782900000, 0x0000000782900000|
|  42|0x0000000782a00000, 0x0000000782a00000, 0x0000000782b00000|  0%| F|  |TS  0|AC  0|TAMS 0x0000000782a00000, 0x0000000782a00000|
|  43|0x0000000782b00000, 0x0000000782b00000, 0x0000000782c00000|  0%| F|  |TS  0|AC  0|TAMS 0x0000000782b00000, 0x0000000782b00000|
|  44|0x0000000782c00000, 0x0000000782c00000, 0x0000000782d00000|  0%| F|  |TS  0|AC  0|TAMS 0x0000000782c00000, 0x0000000782c00000|
|  45|0x0000000782d00000, 0x0000000782d00000, 0x0000000782e00000|  0%| F|  |TS  0|AC  0|TAMS 0x0000000782d00000, 0x0000000782d00000|
|  46|0x0000000782e00000, 0x0000000782e00000, 0x0000000782f00000|  0%| F|  |TS  0|AC  0|TAMS 0x0000000782e00000, 0x0000000782e00000|
|  47|0x0000000782f00000, 0x0000000782f00000, 0x0000000783000000|  0%| F|  |TS  0|AC  0|TAMS 0x0000000782f00000, 0x0000000782f00000|
|  48|0x0000000783000000, 0x0000000783000000, 0x0000000783100000|  0%| F|  |TS  0|AC  0|TAMS 0x0000000783000000, 0x0000000783000000|
|  49|0x0000000783100000, 0x0000000783100000, 0x0000000783200000|  0%| F|  |TS  0|AC  0|TAMS 0x0000000783100000, 0x0000000783100000|
|  50|0x0000000783200000, 0x0000000783200000, 0x0000000783300000|  0%| F|  |TS  0|AC  0|TAMS 0x0000000783200000, 0x0000000783200000|
|  51|0x0000000783300000, 0x0000000783300000, 0x0000000783400000|  0%| F|  |TS  0|AC  0|TAMS 0x0000000783300000, 0x0000000783300000|
|  52|0x0000000783400000, 0x0000000783400000, 0x0000000783500000|  0%| F|  |TS  0|AC  0|TAMS 0x0000000783400000, 0x0000000783400000|
|  53|0x0000000783500000, 0x0000000783500000, 0x0000000783600000|  0%| F|  |TS  0|AC  0|TAMS 0x0000000783500000, 0x0000000783500000|
|  54|0x0000000783600000, 0x0000000783600000, 0x0000000783700000|  0%| F|  |TS  0|AC  0|TAMS 0x0000000783600000, 0x0000000783600000|
|  55|0x0000000783700000, 0x0000000783700000, 0x0000000783800000|  0%| F|  |TS  0|AC  0|TAMS 0x0000000783700000, 0x0000000783700000|
|  56|0x0000000783800000, 0x00000007838499b8, 0x0000000783900000| 28%| E|  |TS  0|AC  0|TAMS 0x0000000783800000, 0x0000000783800000|
|  57|0x0000000783900000, 0x0000000783a00000, 0x0000000783a00000|100%| E|CS|TS  0|AC  0|TAMS 0x0000000783900000, 0x0000000783900000|
|  58|0x0000000783a00000, 0x0000000783b00000, 0x0000000783b00000|100%| E|CS|TS  0|AC  0|TAMS 0x0000000783a00000, 0x0000000783a00000|
|  59|0x0000000783b00000, 0x0000000783c00000, 0x0000000783c00000|100%| E|CS|TS  0|AC  0|TAMS 0x0000000783b00000, 0x0000000783b00000|
|  60|0x0000000783c00000, 0x0000000783d00000, 0x0000000783d00000|100%| E|CS|TS  0|AC  0|TAMS 0x0000000783c00000, 0x0000000783c00000|
|  61|0x0000000783d00000, 0x0000000783e00000, 0x0000000783e00000|100%| E|CS|TS  0|AC  0|TAMS 0x0000000783d00000, 0x0000000783d00000|
|  62|0x0000000783e00000, 0x0000000783f00000, 0x0000000783f00000|100%| E|CS|TS  0|AC  0|TAMS 0x0000000783e00000, 0x0000000783e00000|
|  63|0x0000000783f00000, 0x0000000784000000, 0x0000000784000000|100%| E|CS|TS  0|AC  0|TAMS 0x0000000783f00000, 0x0000000783f00000|

Card table byte_map: [0x0000000107e08000,0x0000000108008000] byte_map_base: 0x0000000104208000

Marking Bits (Prev, Next): (CMBitMap*) 0x00007fe850823860, (CMBitMap*) 0x00007fe850823898
 Prev Bits: [0x0000000108208000, 0x0000000109208000)
 Next Bits: [0x0000000109208000, 0x000000010a208000)

Polling page: 0x0000000105fdb000

CodeHeap 'non-profiled nmethods': size=120032Kb used=238Kb max_used=238Kb free=119793Kb
 bounds [0x000000011fab1000, 0x000000011fd21000, 0x0000000126fe9000]
CodeHeap 'profiled nmethods': size=120032Kb used=891Kb max_used=891Kb free=119141Kb
 bounds [0x0000000118579000, 0x00000001187e9000, 0x000000011fab1000]
CodeHeap 'non-nmethods': size=5696Kb used=1127Kb max_used=1161Kb free=4568Kb
 bounds [0x0000000117fe9000, 0x0000000118259000, 0x0000000118579000]
 total_blobs=1071 nmethods=581 adapters=292
 compilation: enabled

Compilation events (10 events):
Event: 4.504 Thread 0x00007fe85083a800  575       3       java.lang.invoke.ClassSpecializer$Factory::chooseFieldName (32 bytes)
Event: 4.506 Thread 0x00007fe85083a800 nmethod 575 0x0000000118655790 code [0x0000000118655a40, 0x00000001186564b8]
Event: 4.506 Thread 0x00007fe85083a800  576       3       java.lang.invoke.MemberName::<init> (25 bytes)
Event: 4.506 Thread 0x00007fe851011800 nmethod 580 0x000000011fae0b90 code [0x000000011fae0d40, 0x000000011fae0f08]
Event: 4.506 Thread 0x00007fe85083a800 nmethod 576 0x0000000118656910 code [0x0000000118656b00, 0x0000000118656d88]
Event: 4.506 Thread 0x00007fe85083a800  578       3       java.lang.Integer::getChars (131 bytes)
Event: 4.506 Thread 0x00007fe85083a800 nmethod 578 0x0000000118656e90 code [0x0000000118657080, 0x00000001186574f0]
Event: 4.774 Thread 0x00007fe85100c000 nmethod 569 0x000000011fae1090 code [0x000000011fae2360, 0x000000011fae8e00]
Event: 4.927 Thread 0x00007fe85083a800  581       3       java.lang.invoke.DirectMethodHandle::internalMemberName (8 bytes)
Event: 4.927 Thread 0x00007fe85083a800 nmethod 581 0x0000000118657790 code [0x0000000118657940, 0x0000000118657b70]

GC Heap History (0 events):
No events

Deoptimization events (3 events):
Event: 0.309 Thread 0x00007fe851002800 Uncommon trap: reason=unstable_if action=reinterpret pc=0x000000011fab3038 method=java.lang.String.hashCode()I @ 14 c2
Event: 4.171 Thread 0x00007fe851002800 Uncommon trap: reason=unstable_if action=reinterpret pc=0x000000011fac1d70 method=java.lang.String.isLatin1()Z @ 10 c2
Event: 4.175 Thread 0x00007fe851002800 Uncommon trap: reason=unstable_if action=reinterpret pc=0x000000011fab6ffc method=java.lang.String.isLatin1()Z @ 10 c2

Classes redefined (6 events):
Event: 109.267 Thread 0x00007fe850030800 redefined class name=edu.pdx.cs410J.minh9.Project2, count=1
Event: 833.237 Thread 0x00007fe850030800 redefined class name=edu.pdx.cs410J.minh9.Project2, count=2
Event: 5976.779 Thread 0x00007fe850030800 redefined class name=edu.pdx.cs410J.minh9.Project2, count=3
Event: 6068.201 Thread 0x00007fe850030800 redefined class name=edu.pdx.cs410J.minh9.Project2, count=4
Event: 6206.397 Thread 0x00007fe850030800 redefined class name=edu.pdx.cs410J.minh9.TextParser, count=1
Event: 6277.309 Thread 0x00007fe850030800 redefined class name=edu.pdx.cs410J.minh9.TextParser, count=2

Internal exceptions (10 events):
Event: 4.374 Thread 0x00007fe851002800 Exception <a 'java/lang/NoSuchMethodError'{0x0000000783a62e68}: java.lang.invoke.DirectMethodHandle$Holder.invokeStatic(Ljava/lang/Object;Ljava/lang/Object;Ljava/lang/Object;Ljava/lang/Object;Ljava/lang/Object;Ljava/lang/Object;Ljava/lang/Object;Ljava/lan
Event: 4.379 Thread 0x00007fe851002800 Exception <a 'java/lang/NoSuchMethodError'{0x0000000783a725e8}: java.lang.invoke.DirectMethodHandle$Holder.invokeStatic(Ljava/lang/Object;Ljava/lang/Object;Ljava/lang/Object;Ljava/lang/Object;Ljava/lang/Object;Ljava/lang/Object;Ljava/lang/Object;Ljava/lan
Event: 4.386 Thread 0x00007fe851002800 Exception <a 'java/lang/NoSuchMethodError'{0x0000000783a82008}: method resolution failed> (0x0000000783a82008) thrown at [/scratch/mesos/slaves/555f5737-a945-4eb0-8d30-afb1fc816afd-S70/frameworks/1735e8a2-a1db-478c-8104-60c8b0af87dd-0196/executors/5e9592f
Event: 4.436 Thread 0x00007fe851002800 Exception <a 'java/lang/NoSuchMethodError'{0x0000000783aff9b0}: java.lang.invoke.DirectMethodHandle$Holder.invokeStatic(Ljava/lang/Object;Ljava/lang/Object;Ljava/lang/Object;Ljava/lang/Object;Ljava/lang/Object;Ljava/lang/Object;Ljava/lang/Object;Ljava/lan
Event: 4.444 Thread 0x00007fe851002800 Exception <a 'java/lang/NoSuchMethodError'{0x0000000783918e38}: java.lang.invoke.DirectMethodHandle$Holder.invokeStatic(Ljava/lang/Object;Ljava/lang/Object;Ljava/lang/Object;Ljava/lang/Object;Ljava/lang/Object;Ljava/lang/Object;Ljava/lang/Object;Ljava/lan
Event: 4.450 Thread 0x00007fe851002800 Exception <a 'java/lang/NoSuchMethodError'{0x0000000783928c60}: java.lang.invoke.DirectMethodHandle$Holder.invokeSpecial(Ljava/lang/Object;Ljava/lang/Object;IIILjava/lang/Object;Ljava/lang/Object;Ljava/lang/Object;Ljava/lang/Object;)Ljava/lang/Object;> (0
Event: 4.455 Thread 0x00007fe851002800 Exception <a 'java/lang/NoSuchMethodError'{0x000000078392c330}: java.lang.invoke.DelegatingMethodHandle$Holder.reinvoke_L(Ljava/lang/Object;IIILjava/lang/Object;Ljava/lang/Object;Ljava/lang/Object;Ljava/lang/Object;)Ljava/lang/Object;> (0x000000078392c330
Event: 4.484 Thread 0x00007fe851002800 Exception <a 'java/lang/NoSuchMethodError'{0x0000000783981170}: method resolution failed> (0x0000000783981170) thrown at [/scratch/mesos/slaves/555f5737-a945-4eb0-8d30-afb1fc816afd-S70/frameworks/1735e8a2-a1db-478c-8104-60c8b0af87dd-0196/executors/5e9592f
Event: 4.491 Thread 0x00007fe851002800 Exception <a 'java/lang/NoSuchMethodError'{0x00000007839a3d98}: method resolution failed> (0x00000007839a3d98) thrown at [/scratch/mesos/slaves/555f5737-a945-4eb0-8d30-afb1fc816afd-S70/frameworks/1735e8a2-a1db-478c-8104-60c8b0af87dd-0196/executors/5e9592f
Event: 4.501 Thread 0x00007fe851002800 Exception <a 'java/lang/NoSuchMethodError'{0x00000007839c8220}: method resolution failed> (0x00000007839c8220) thrown at [/scratch/mesos/slaves/555f5737-a945-4eb0-8d30-afb1fc816afd-S70/frameworks/1735e8a2-a1db-478c-8104-60c8b0af87dd-0196/executors/5e9592f

Events (10 events):
Event: 7655.135 Executing VM operation: ChangeBreakpoints
Event: 7655.135 Executing VM operation: ChangeBreakpoints done
Event: 7655.138 Executing VM operation: ChangeBreakpoints
Event: 7655.138 Executing VM operation: ChangeBreakpoints done
Event: 7655.138 Executing VM operation: ChangeBreakpoints
Event: 7655.138 Executing VM operation: ChangeBreakpoints done
Event: 7655.138 Executing VM operation: ChangeBreakpoints
Event: 7655.139 Executing VM operation: ChangeBreakpoints done
Event: 7655.139 Executing VM operation: ChangeBreakpoints
Event: 7655.139 Executing VM operation: ChangeBreakpoints done


Dynamic libraries:
0x00007fffaeb6f000 	/System/Library/Frameworks/Cocoa.framework/Versions/A/Cocoa
0x00007fffb57cf000 	/System/Library/Frameworks/Security.framework/Versions/A/Security
0x00007fffada2a000 	/System/Library/Frameworks/ApplicationServices.framework/Versions/A/ApplicationServices
0x00007fffc4c62000 	/usr/lib/libz.1.dylib
0x00007fffc3740000 	/usr/lib/libSystem.B.dylib
0x00007fffaf109000 	/System/Library/Frameworks/CoreFoundation.framework/Versions/A/CoreFoundation
0x00007fffb0b9c000 	/System/Library/Frameworks/Foundation.framework/Versions/C/Foundation
0x00007fffc4468000 	/usr/lib/libobjc.A.dylib
0x00007fffacc3f000 	/System/Library/Frameworks/AppKit.framework/Versions/C/AppKit
0x00007fffaed5b000 	/System/Library/Frameworks/CoreData.framework/Versions/A/CoreData
0x00007fffc01b6000 	/System/Library/PrivateFrameworks/RemoteViewServices.framework/Versions/A/RemoteViewServices
0x00007fffc21b0000 	/System/Library/PrivateFrameworks/UIFoundation.framework/Versions/A/UIFoundation
0x00007fffbb556000 	/System/Library/PrivateFrameworks/DFRFoundation.framework/Versions/A/DFRFoundation
0x00007fffc3dab000 	/usr/lib/libenergytrace.dylib
0x00007fffc0fe3000 	/System/Library/PrivateFrameworks/SkyLight.framework/Versions/A/SkyLight
0x00007fffaf59d000 	/System/Library/Frameworks/CoreGraphics.framework/Versions/A/CoreGraphics
0x00007fffc373b000 	/usr/lib/libScreenReader.dylib
0x00007fffabb02000 	/System/Library/Frameworks/Accelerate.framework/Versions/A/Accelerate
0x00007fffb119a000 	/System/Library/Frameworks/IOSurface.framework/Versions/A/IOSurface
0x00007fffadf4d000 	/System/Library/Frameworks/AudioToolbox.framework/Versions/A/AudioToolbox
0x00007fffae15a000 	/System/Library/Frameworks/AudioUnit.framework/Versions/A/AudioUnit
0x00007fffbb59b000 	/System/Library/PrivateFrameworks/DataDetectorsCore.framework/Versions/A/DataDetectorsCore
0x00007fffbb68c000 	/System/Library/PrivateFrameworks/DesktopServicesPriv.framework/Versions/A/DesktopServicesPriv
0x00007fffae6bc000 	/System/Library/Frameworks/Carbon.framework/Versions/A/Frameworks/HIToolbox.framework/Versions/A/HIToolbox
0x00007fffc3eb4000 	/usr/lib/libicucore.A.dylib
0x00007fffb5066000 	/System/Library/Frameworks/QuartzCore.framework/Versions/A/QuartzCore
0x00007fffaea88000 	/System/Library/Frameworks/Carbon.framework/Versions/A/Frameworks/SpeechRecognition.framework/Versions/A/SpeechRecognition
0x00007fffc38d2000 	/usr/lib/libauto.dylib
0x00007fffc4b48000 	/usr/lib/libxml2.2.dylib
0x00007fffbb210000 	/System/Library/PrivateFrameworks/CoreUI.framework/Versions/A/CoreUI
0x00007fffaecb9000 	/System/Library/Frameworks/CoreAudio.framework/Versions/A/CoreAudio
0x00007fffb0a05000 	/System/Library/Frameworks/DiskArbitration.framework/Versions/A/DiskArbitration
0x00007fffc40df000 	/usr/lib/liblangid.dylib
0x00007fffbf09d000 	/System/Library/PrivateFrameworks/MultitouchSupport.framework/Versions/A/MultitouchSupport
0x00007fffb1103000 	/System/Library/Frameworks/IOKit.framework/Versions/A/IOKit
0x00007fffc3501000 	/usr/lib/libDiagnosticMessagesClient.dylib
0x00007fffaffe9000 	/System/Library/Frameworks/CoreServices.framework/Versions/A/CoreServices
0x00007fffbfa5a000 	/System/Library/PrivateFrameworks/PerformanceAnalysis.framework/Versions/A/PerformanceAnalysis
0x00007fffbd4de000 	/System/Library/PrivateFrameworks/GenerationalStorage.framework/Versions/A/GenerationalStorage
0x00007fffb4334000 	/System/Library/Frameworks/OpenGL.framework/Versions/A/OpenGL
0x00007fffafc41000 	/System/Library/Frameworks/CoreImage.framework/Versions/A/CoreImage
0x00007fffb0712000 	/System/Library/Frameworks/CoreText.framework/Versions/A/CoreText
0x00007fffb11f3000 	/System/Library/Frameworks/ImageIO.framework/Versions/A/ImageIO
0x00007fffb8dcd000 	/System/Library/PrivateFrameworks/Backup.framework/Versions/A/Backup
0x00007fffc37ad000 	/usr/lib/libarchive.2.dylib
0x00007fffae2c3000 	/System/Library/Frameworks/CFNetwork.framework/Versions/A/CFNetwork
0x00007fffb5efc000 	/System/Library/Frameworks/SystemConfiguration.framework/Versions/A/SystemConfiguration
0x00007fffc3448000 	/usr/lib/libCRFSuite.dylib
0x00007fffc38f3000 	/usr/lib/libc++.1.dylib
0x00007fffc394a000 	/usr/lib/libc++abi.dylib
0x00007fffc4c82000 	/usr/lib/system/libcache.dylib
0x00007fffc4c87000 	/usr/lib/system/libcommonCrypto.dylib
0x00007fffc4c92000 	/usr/lib/system/libcompiler_rt.dylib
0x00007fffc4c9a000 	/usr/lib/system/libcopyfile.dylib
0x00007fffc4ca3000 	/usr/lib/system/libcorecrypto.dylib
0x00007fffc4d27000 	/usr/lib/system/libdispatch.dylib
0x00007fffc4d59000 	/usr/lib/system/libdyld.dylib
0x00007fffc4d5f000 	/usr/lib/system/libkeymgr.dylib
0x00007fffc4d6d000 	/usr/lib/system/liblaunch.dylib
0x00007fffc4d6e000 	/usr/lib/system/libmacho.dylib
0x00007fffc4d74000 	/usr/lib/system/libquarantine.dylib
0x00007fffc4d77000 	/usr/lib/system/libremovefile.dylib
0x00007fffc4d79000 	/usr/lib/system/libsystem_asl.dylib
0x00007fffc4d92000 	/usr/lib/system/libsystem_blocks.dylib
0x00007fffc4d93000 	/usr/lib/system/libsystem_c.dylib
0x00007fffc4e21000 	/usr/lib/system/libsystem_configuration.dylib
0x00007fffc4e25000 	/usr/lib/system/libsystem_coreservices.dylib
0x00007fffc4e29000 	/usr/lib/system/libsystem_coretls.dylib
0x00007fffc4e42000 	/usr/lib/system/libsystem_dnssd.dylib
0x00007fffc4e49000 	/usr/lib/system/libsystem_info.dylib
0x00007fffc4e73000 	/usr/lib/system/libsystem_kernel.dylib
0x00007fffc4e96000 	/usr/lib/system/libsystem_m.dylib
0x00007fffc4ede000 	/usr/lib/system/libsystem_malloc.dylib
0x00007fffc4efd000 	/usr/lib/system/libsystem_network.dylib
0x00007fffc4f57000 	/usr/lib/system/libsystem_networkextension.dylib
0x00007fffc4f61000 	/usr/lib/system/libsystem_notify.dylib
0x00007fffc4f6b000 	/usr/lib/system/libsystem_platform.dylib
0x00007fffc4f74000 	/usr/lib/system/libsystem_pthread.dylib
0x00007fffc4f7f000 	/usr/lib/system/libsystem_sandbox.dylib
0x00007fffc4f83000 	/usr/lib/system/libsystem_secinit.dylib
0x00007fffc4f85000 	/usr/lib/system/libsystem_symptoms.dylib
0x00007fffc4f8d000 	/usr/lib/system/libsystem_trace.dylib
0x00007fffc4fa1000 	/usr/lib/system/libunwind.dylib
0x00007fffc4fa7000 	/usr/lib/system/libxpc.dylib
0x00007fffc38d3000 	/usr/lib/libbsm.0.dylib
0x00007fffc4d60000 	/usr/lib/system/libkxld.dylib
0x00007fffc399c000 	/usr/lib/libcoretls.dylib
0x00007fffc399d000 	/usr/lib/libcoretls_cfhelpers.dylib
0x00007fffc373a000 	/usr/lib/libOpenScriptingUtil.dylib
0x00007fffc4840000 	/usr/lib/libpam.2.dylib
0x00007fffc48ff000 	/usr/lib/libsqlite3.dylib
0x00007fffc4b3a000 	/usr/lib/libxar.1.dylib
0x00007fffc38e4000 	/usr/lib/libbz2.1.0.dylib
0x00007fffc40e1000 	/usr/lib/liblzma.5.dylib
0x00007fffc43ed000 	/usr/lib/libnetwork.dylib
0x00007fffc4845000 	/usr/lib/libpcap.A.dylib
0x00007fffb034c000 	/System/Library/Frameworks/CoreServices.framework/Versions/A/Frameworks/FSEvents.framework/Versions/A/FSEvents
0x00007fffb003c000 	/System/Library/Frameworks/CoreServices.framework/Versions/A/Frameworks/CarbonCore.framework/Versions/A/CarbonCore
0x00007fffb04c2000 	/System/Library/Frameworks/CoreServices.framework/Versions/A/Frameworks/Metadata.framework/Versions/A/Metadata
0x00007fffb0573000 	/System/Library/Frameworks/CoreServices.framework/Versions/A/Frameworks/OSServices.framework/Versions/A/OSServices
0x00007fffb05d3000 	/System/Library/Frameworks/CoreServices.framework/Versions/A/Frameworks/SearchKit.framework/Versions/A/SearchKit
0x00007fffaffea000 	/System/Library/Frameworks/CoreServices.framework/Versions/A/Frameworks/AE.framework/Versions/A/AE
0x00007fffb0355000 	/System/Library/Frameworks/CoreServices.framework/Versions/A/Frameworks/LaunchServices.framework/Versions/A/LaunchServices
0x00007fffb0318000 	/System/Library/Frameworks/CoreServices.framework/Versions/A/Frameworks/DictionaryServices.framework/Versions/A/DictionaryServices
0x00007fffb0644000 	/System/Library/Frameworks/CoreServices.framework/Versions/A/Frameworks/SharedFileList.framework/Versions/A/SharedFileList
0x00007fffb3390000 	/System/Library/Frameworks/NetFS.framework/Versions/A/NetFS
0x00007fffbf177000 	/System/Library/PrivateFrameworks/NetAuth.framework/Versions/A/NetAuth
0x00007fffc33f1000 	/System/Library/PrivateFrameworks/login.framework/Versions/A/Frameworks/loginsupport.framework/Versions/A/loginsupport
0x00007fffc1fe2000 	/System/Library/PrivateFrameworks/TCC.framework/Versions/A/TCC
0x00007fffc4112000 	/usr/lib/libmecabra.dylib
0x00007fffada2b000 	/System/Library/Frameworks/ApplicationServices.framework/Versions/A/Frameworks/ATS.framework/Versions/A/ATS
0x00007fffaddaa000 	/System/Library/Frameworks/ApplicationServices.framework/Versions/A/Frameworks/ColorSync.framework/Versions/A/ColorSync
0x00007fffade55000 	/System/Library/Frameworks/ApplicationServices.framework/Versions/A/Frameworks/HIServices.framework/Versions/A/HIServices
0x00007fffadea7000 	/System/Library/Frameworks/ApplicationServices.framework/Versions/A/Frameworks/LangAnalysis.framework/Versions/A/LangAnalysis
0x00007fffadeb7000 	/System/Library/Frameworks/ApplicationServices.framework/Versions/A/Frameworks/PrintCore.framework/Versions/A/PrintCore
0x00007fffadf05000 	/System/Library/Frameworks/ApplicationServices.framework/Versions/A/Frameworks/QD.framework/Versions/A/QD
0x00007fffadf41000 	/System/Library/Frameworks/ApplicationServices.framework/Versions/A/Frameworks/SpeechSynthesis.framework/Versions/A/SpeechSynthesis
0x00007fffabb1b000 	/System/Library/Frameworks/Accelerate.framework/Versions/A/Frameworks/vImage.framework/Versions/A/vImage
0x00007fffac980000 	/System/Library/Frameworks/Accelerate.framework/Versions/A/Frameworks/vecLib.framework/Versions/A/vecLib
0x00007fffac77a000 	/System/Library/Frameworks/Accelerate.framework/Versions/A/Frameworks/vecLib.framework/Versions/A/libvDSP.dylib
0x00007fffac324000 	/System/Library/Frameworks/Accelerate.framework/Versions/A/Frameworks/vecLib.framework/Versions/A/libBNNS.dylib
0x00007fffac75f000 	/System/Library/Frameworks/Accelerate.framework/Versions/A/Frameworks/vecLib.framework/Versions/A/libQuadrature.dylib
0x00007fffac8c8000 	/System/Library/Frameworks/Accelerate.framework/Versions/A/Frameworks/vecLib.framework/Versions/A/libvMisc.dylib
0x00007fffac33c000 	/System/Library/Frameworks/Accelerate.framework/Versions/A/Frameworks/vecLib.framework/Versions/A/libLAPACK.dylib
0x00007fffac15c000 	/System/Library/Frameworks/Accelerate.framework/Versions/A/Frameworks/vecLib.framework/Versions/A/libBLAS.dylib
0x00007fffac748000 	/System/Library/Frameworks/Accelerate.framework/Versions/A/Frameworks/vecLib.framework/Versions/A/libLinearAlgebra.dylib
0x00007fffac766000 	/System/Library/Frameworks/Accelerate.framework/Versions/A/Frameworks/vecLib.framework/Versions/A/libSparseBLAS.dylib
0x00007fffadb33000 	/System/Library/Frameworks/ApplicationServices.framework/Versions/A/Frameworks/ATS.framework/Versions/A/Resources/libFontParser.dylib
0x00007fffadc63000 	/System/Library/Frameworks/ApplicationServices.framework/Versions/A/Frameworks/ATS.framework/Versions/A/Resources/libFontRegistry.dylib
0x00007fffb144e000 	/System/Library/Frameworks/ImageIO.framework/Versions/A/Resources/libJPEG.dylib
0x00007fffb149c000 	/System/Library/Frameworks/ImageIO.framework/Versions/A/Resources/libTIFF.dylib
0x00007fffb1472000 	/System/Library/Frameworks/ImageIO.framework/Versions/A/Resources/libPng.dylib
0x00007fffb1357000 	/System/Library/Frameworks/ImageIO.framework/Versions/A/Resources/libGIF.dylib
0x00007fffb135c000 	/System/Library/Frameworks/ImageIO.framework/Versions/A/Resources/libJP2.dylib
0x00007fffb1499000 	/System/Library/Frameworks/ImageIO.framework/Versions/A/Resources/libRadiance.dylib
0x00007fffc3985000 	/usr/lib/libcompression.dylib
0x00007fffb890f000 	/System/Library/PrivateFrameworks/AppleJPEG.framework/Versions/A/AppleJPEG
0x00007fffc3cdb000 	/usr/lib/libcups.2.dylib
0x00007fffb2253000 	/System/Library/Frameworks/Kerberos.framework/Versions/A/Kerberos
0x00007fffb0f6e000 	/System/Library/Frameworks/GSS.framework/Versions/A/GSS
0x00007fffc4893000 	/usr/lib/libresolv.9.dylib
0x00007fffc3dc1000 	/usr/lib/libiconv.2.dylib
0x00007fffbdc0b000 	/System/Library/PrivateFrameworks/Heimdal.framework/Versions/A/Heimdal
0x00007fffc3dbb000 	/usr/lib/libheimdal-asn1.dylib
0x00007fffb37a9000 	/System/Library/Frameworks/OpenDirectory.framework/Versions/A/OpenDirectory
0x00007fffba422000 	/System/Library/PrivateFrameworks/CommonAuth.framework/Versions/A/CommonAuth
0x00007fffb378f000 	/System/Library/Frameworks/OpenDirectory.framework/Versions/A/Frameworks/CFOpenDirectory.framework/Versions/A/CFOpenDirectory
0x00007fffb5ad2000 	/System/Library/Frameworks/SecurityFoundation.framework/Versions/A/SecurityFoundation
0x00007fffbe3c3000 	/System/Library/PrivateFrameworks/LanguageModeling.framework/Versions/A/LanguageModeling
0x00007fffc40fb000 	/usr/lib/libmarisa.dylib
0x00007fffc3464000 	/usr/lib/libChineseTokenizer.dylib
0x00007fffc3974000 	/usr/lib/libcmph.dylib
0x00007fffbab74000 	/System/Library/PrivateFrameworks/CoreEmoji.framework/Versions/A/CoreEmoji
0x00007fffb5b72000 	/System/Library/Frameworks/ServiceManagement.framework/Versions/A/ServiceManagement
0x00007fffc4c38000 	/usr/lib/libxslt.1.dylib
0x00007fffae9d0000 	/System/Library/Frameworks/Carbon.framework/Versions/A/Frameworks/Ink.framework/Versions/A/Ink
0x00007fffc2074000 	/System/Library/PrivateFrameworks/TextureIO.framework/Versions/A/TextureIO
0x00007fffb2a4c000 	/System/Library/Frameworks/Metal.framework/Versions/A/Metal
0x00007fffc37d9000 	/usr/lib/libate.dylib
0x00007fffbd20d000 	/System/Library/PrivateFrameworks/GPUCompiler.framework/libmetal_timestamp.dylib
0x00007fffb37b8000 	/System/Library/Frameworks/OpenGL.framework/Versions/A/Libraries/libCoreFSCache.dylib
0x00007fffbe29c000 	/System/Library/PrivateFrameworks/IOAccelerator.framework/Versions/A/IOAccelerator
0x00007fffb0860000 	/System/Library/Frameworks/CoreVideo.framework/Versions/A/CoreVideo
0x00007fffc3503000 	/usr/lib/libFosl_dynamic.dylib
0x00007fffbee9b000 	/System/Library/PrivateFrameworks/MetalPerformanceShaders.framework/Versions/A/MetalPerformanceShaders
0x00007fffbba85000 	/System/Library/PrivateFrameworks/FaceCore.framework/Versions/A/FaceCore
0x00007fffb3740000 	/System/Library/Frameworks/OpenCL.framework/Versions/A/OpenCL
0x00007fffb398b000 	/System/Library/Frameworks/OpenGL.framework/Versions/A/Libraries/libGLU.dylib
0x00007fffb37c1000 	/System/Library/Frameworks/OpenGL.framework/Versions/A/Libraries/libGFXShared.dylib
0x00007fffb37cb000 	/System/Library/Frameworks/OpenGL.framework/Versions/A/Libraries/libGL.dylib
0x00007fffb37d7000 	/System/Library/Frameworks/OpenGL.framework/Versions/A/Libraries/libGLImage.dylib
0x00007fffb37b5000 	/System/Library/Frameworks/OpenGL.framework/Versions/A/Libraries/libCVMSPluginSupport.dylib
0x00007fffb37bc000 	/System/Library/Frameworks/OpenGL.framework/Versions/A/Libraries/libCoreVMClient.dylib
0x00007fffbb4d6000 	/System/Library/PrivateFrameworks/CrashReporterSupport.framework/Versions/A/CrashReporterSupport
0x00007fffc0f35000 	/System/Library/PrivateFrameworks/Sharing.framework/Versions/A/Sharing
0x00007fffbe2ba000 	/System/Library/PrivateFrameworks/IconServices.framework/Versions/A/IconServices
0x00007fffc0183000 	/System/Library/PrivateFrameworks/ProtocolBuffer.framework/Versions/A/ProtocolBuffer
0x00007fffb87ec000 	/System/Library/PrivateFrameworks/Apple80211.framework/Versions/A/Apple80211
0x00007fffb0896000 	/System/Library/Frameworks/CoreWLAN.framework/Versions/A/CoreWLAN
0x00007fffbb350000 	/System/Library/PrivateFrameworks/CoreUtils.framework/Versions/A/CoreUtils
0x00007fffb105f000 	/System/Library/Frameworks/IOBluetooth.framework/Versions/A/IOBluetooth
0x00007fffbb470000 	/System/Library/PrivateFrameworks/CoreWiFi.framework/Versions/A/CoreWiFi
0x00007fffaed47000 	/System/Library/Frameworks/CoreBluetooth.framework/Versions/A/CoreBluetooth
0x00007fffaf05b000 	/System/Library/Frameworks/CoreDisplay.framework/Versions/A/CoreDisplay
0x00007fffbe2a5000 	/System/Library/PrivateFrameworks/IOPresentment.framework/Versions/A/IOPresentment
0x00007fffbb561000 	/System/Library/PrivateFrameworks/DSExternalDisplay.framework/Versions/A/DSExternalDisplay
0x00007fffbb64c000 	/System/Library/PrivateFrameworks/DebugSymbols.framework/Versions/A/DebugSymbols
0x00007fffbb180000 	/System/Library/PrivateFrameworks/CoreSymbolication.framework/Versions/A/CoreSymbolication
0x00007fffc1b2f000 	/System/Library/PrivateFrameworks/Symbolication.framework/Versions/A/Symbolication
0x00007fffb880f000 	/System/Library/PrivateFrameworks/AppleFSCompression.framework/Versions/A/AppleFSCompression
0x00007fffc1437000 	/System/Library/PrivateFrameworks/SpeechRecognitionCore.framework/Versions/A/SpeechRecognitionCore
0x00007fffb9ad6000 	/System/Library/PrivateFrameworks/ChunkingLibrary.framework/Versions/A/ChunkingLibrary
0x0000000106800000 	/Library/Java/JavaVirtualMachines/jdk-10.0.1.jdk/Contents/Home/lib/server/libjvm.dylib
0x00007fffc4aa1000 	/usr/lib/libstdc++.6.dylib
0x0000000105f99000 	/Library/Java/JavaVirtualMachines/jdk-10.0.1.jdk/Contents/Home/lib/libverify.dylib
0x0000000105fa6000 	/Library/Java/JavaVirtualMachines/jdk-10.0.1.jdk/Contents/Home/lib/libjava.dylib
0x00000001075a0000 	/Library/Java/JavaVirtualMachines/jdk-10.0.1.jdk/Contents/Home/lib/libjdwp.dylib
0x0000000105fdd000 	/Library/Java/JavaVirtualMachines/jdk-10.0.1.jdk/Contents/Home/lib/libinstrument.dylib
0x0000000107616000 	/Library/Java/JavaVirtualMachines/jdk-10.0.1.jdk/Contents/Home/lib/libzip.dylib
0x000000010761e000 	/Library/Java/JavaVirtualMachines/jdk-10.0.1.jdk/Contents/Home/lib/libjimage.dylib
0x000000010c902000 	/Library/Java/JavaVirtualMachines/jdk-10.0.1.jdk/Contents/Home/lib/libdt_socket.dylib
0x000000010c908000 	/Library/Java/JavaVirtualMachines/jdk-10.0.1.jdk/Contents/Home/lib/libnio.dylib
0x000000010c918000 	/Library/Java/JavaVirtualMachines/jdk-10.0.1.jdk/Contents/Home/lib/./libnet.dylib


VM Arguments:
jvm_args: -agentlib:jdwp=transport=dt_socket,address=127.0.0.1:53059,suspend=y,server=n -javaagent:/Users/minhnguyen/Library/Caches/IntelliJIdea2018.1/captureAgent/debugger-agent.jar=file:/private/var/folders/g4/vsj_4l156b1dspf1y_n6ws0h0000gn/T/capture.props -Dfile.encoding=UTF-8 
java_command: edu.pdx.cs410J.minh9.Project2 -Print -textFile /Users/minhnguyen/Desktop/Dump.txt minh nguyen  503-433-1830 971-312-7058 07/20/2018 1:00 07/20/2018 2:00
java_class_path (initial): /Users/minhnguyen/Desktop/CS410J-GIT/CS410J/Prj1/phonebill/target/classes:/Users/minhnguyen/.m2/repository/edu/pdx/cs410J/projects/Summer2018/projects-Summer2018.jar:/Users/minhnguyen/Desktop/IntelliJ IDEA.app/Contents/lib/idea_rt.jar
Launcher Type: SUN_STANDARD

Logging:
Log output configuration:
#0: stdout all=warning uptime,level,tags
#1: stderr all=off uptime,level,tags

Environment Variables:
JAVA_HOME=/Library/Java/JavaVirtualMachines/jdk-10.0.1.jdk/Contents/Home
CLASSPATH=.:/Users/username/introcs/
PATH=/usr/bin:/bin:/usr/sbin:/sbin:/usr/local/bin:/Applications/Wireshark.app/Contents/MacOS:/Users/minhnguyen/Downloads/apache-maven-3.5.4/bin
SHELL=/bin/bash

Signal Handlers:
SIGSEGV: [libjvm.dylib+0x79ac14], sa_mask[0]=11111111011111110111111111111111, sa_flags=SA_ONSTACK|SA_RESTART|SA_SIGINFO
SIGBUS: [libjvm.dylib+0x79ac14], sa_mask[0]=11111111011111110111111111111111, sa_flags=SA_RESTART|SA_SIGINFO
SIGFPE: [libjvm.dylib+0x79ac14], sa_mask[0]=11111111011111110111111111111111, sa_flags=SA_RESTART|SA_SIGINFO
SIGPIPE: [libjvm.dylib+0x635960], sa_mask[0]=11111111011111110111111111111111, sa_flags=SA_RESTART|SA_SIGINFO
SIGXFSZ: [libjvm.dylib+0x635960], sa_mask[0]=11111111011111110111111111111111, sa_flags=SA_RESTART|SA_SIGINFO
SIGILL: [libjvm.dylib+0x79ac14], sa_mask[0]=11111111011111110111111111111111, sa_flags=SA_RESTART|SA_SIGINFO
SIGUSR2: [libjvm.dylib+0x6361f0], sa_mask[0]=00100000000000000000000000000000, sa_flags=SA_RESTART|SA_SIGINFO
SIGHUP: [libjvm.dylib+0x6349db], sa_mask[0]=11111111011111110111111111111111, sa_flags=SA_RESTART|SA_SIGINFO
SIGINT: [libjvm.dylib+0x6349db], sa_mask[0]=11111111011111110111111111111111, sa_flags=SA_RESTART|SA_SIGINFO
SIGTERM: [libjvm.dylib+0x6349db], sa_mask[0]=11111111011111110111111111111111, sa_flags=SA_RESTART|SA_SIGINFO
SIGQUIT: [libjvm.dylib+0x6349db], sa_mask[0]=11111111011111110111111111111111, sa_flags=SA_RESTART|SA_SIGINFO


---------------  S Y S T E M  ---------------

OS:uname:Darwin 16.7.0 Darwin Kernel Version 16.7.0: Thu Jun 15 17:36:27 PDT 2017; root:xnu-3789.70.16~2/RELEASE_X86_64 x86_64
rlimit: STACK 8192k, CORE 0k, NPROC 709, NOFILE 10240, AS infinity, DATA infinity, FSIZE infinity
load average:25.78 20.40 18.30

CPU:total 4 (initial active 4) (2 cores per cpu, 2 threads per core) family 6 model 42 stepping 7, cmov, cx8, fxsr, mmx, sse, sse2, sse3, ssse3, sse4.1, sse4.2, popcnt, avx, aes, clmul, ht, tsc, tscinvbit

Memory: 4k page, physical 4194304k(14540k free)

vm_info: Java HotSpot(TM) 64-Bit Server VM (10.0.1+10) for bsd-amd64 JRE (10.0.1+10), built on Mar 27 2018 01:13:17 by "mach5one" with gcc 4.2.1 Compatible Apple LLVM 6.1.0 (clang-602.0.49)

END.
