#
# A fatal error has been detected by the Java Runtime Environment:
#
#  SIGBUS (0xa) at pc=0x0000000101084558, pid=51088, tid=17411
#
# JRE version: Java(TM) SE Runtime Environment (10.0.1+10) (build 10.0.1+10)
# Java VM: Java HotSpot(TM) 64-Bit Server VM (10.0.1+10, mixed mode, tiered, compressed oops, g1 gc, bsd-amd64)
# Problematic frame:
# V  [libjvm.dylib+0x284558]  ConstantPool::impl_name_and_type_ref_index_at(int, bool)+0x1c
#
# No core dump will be written. Core dumps have been disabled. To enable core dumping, try "ulimit -c unlimited" before starting Java again
#
# If you would like to submit a bug report, please visit:
#   http://bugreport.java.com/bugreport/crash.jsp
#

---------------  S U M M A R Y ------------

Command Line: -agentlib:jdwp=transport=dt_socket,address=127.0.0.1:52787,suspend=y,server=n -javaagent:/Users/minhnguyen/Library/Caches/IntelliJIdea2018.1/captureAgent/debugger-agent.jar=file:/private/var/folders/g4/vsj_4l156b1dspf1y_n6ws0h0000gn/T/capture.props -Dfile.encoding=UTF-8 edu.pdx.cs410J.minh9.Project2 -Print -textFile /Users/minhnguyen/Desktop/Dump.txt minh nguyen  503-433-1830 971-312-7058 07/20/2018 1:00 07/20/2018 2:00

Host: MacBookPro8,1 x86_64 2700 MHz, 4 cores, 4G, Darwin 16.7.0
Time: Thu Jul 19 23:22:08 2018 PDT elapsed time: 7193 seconds (0d 1h 59m 53s)

---------------  T H R E A D  ---------------

Current thread (0x00007f8a5c050000):  VMThread "VM Thread" [stack: 0x0000700010550000,0x0000700010650000] [id=17411]

Stack: [0x0000700010550000,0x0000700010650000],  sp=0x000070001064f600,  free space=1021k
Native frames: (J=compiled Java code, A=aot compiled Java code, j=interpreted, Vv=VM code, C=native code)
V  [libjvm.dylib+0x284558]  ConstantPool::impl_name_and_type_ref_index_at(int, bool)+0x1c
V  [libjvm.dylib+0x382c1d]  GenerateOopMap::do_field(int, int, int, int)+0x43
V  [libjvm.dylib+0x3816eb]  GenerateOopMap::interp_bb(BasicBlock*)+0x105
V  [libjvm.dylib+0x381401]  GenerateOopMap::interp_all()+0x53
V  [libjvm.dylib+0x3810e7]  GenerateOopMap::do_interpretation()+0x4b
V  [libjvm.dylib+0x3835b1]  GenerateOopMap::compute_map(Thread*)+0x16b
V  [libjvm.dylib+0x62b7d8]  OopMapForCacheEntry::compute_map(Thread*)+0x60
V  [libjvm.dylib+0x62c0c4]  OopMapCacheEntry::fill(methodHandle const&, int)+0xac
V  [libjvm.dylib+0x62ca8c]  OopMapCache::compute_one_oop_map(methodHandle const&, int, InterpreterOopMap*)+0x11a
V  [libjvm.dylib+0x5f1155]  Method::mask_for(int, InterpreterOopMap*)+0x7f
V  [libjvm.dylib+0x4dda69]  VM_GetOrSetLocal::doit()+0x47
V  [libjvm.dylib+0x7a38d9]  VM_Operation::evaluate()+0xf1
V  [libjvm.dylib+0x7a2dc2]  VMThread::evaluate_operation(VM_Operation*)+0xd4
V  [libjvm.dylib+0x7a2a76]  VMThread::loop()+0x340
V  [libjvm.dylib+0x7a2649]  VMThread::run()+0x75
V  [libjvm.dylib+0x633a5f]  thread_native_entry(Thread*)+0x12b
C  [libsystem_pthread.dylib+0x393b]  _pthread_body+0xb4
C  [libsystem_pthread.dylib+0x3887]  _pthread_body+0x0
C  [libsystem_pthread.dylib+0x308d]  thread_start+0xd


siginfo: si_signo: 10 (SIGBUS), si_code: 2 (BUS_ADRERR), si_addr: 0x000000012186ae98

Register to memory mapping:

RAX=0x00000001216d6b50 is pointing into metadata
RBX=0x00000001216d4260 is pointing into metadata
RCX=0x0000000000194320 is an unknown value
RDX=0x0000000000000000 is an unknown value
RSP=0x000070001064f600 is an unknown value
RBP=0x000070001064f600 is an unknown value
RSI=0x000000000000ca19 is an unknown value
RDI=0x00000001216d4260 is pointing into metadata
R8 =0x0000000000000010 is an unknown value
R9 =0x0000000000000002 is an unknown value
R10=0x00007f8a5b41ea94 is an unknown value
R11=0xffffffffffffffa8 is an unknown value
R12=0x0000000000000010 is an unknown value
R13=0x0000000000000001 is an unknown value
R14=0x0000000000000001 is an unknown value
R15=0x000070001064f828 is an unknown value


Registers:
RAX=0x00000001216d6b50, RBX=0x00000001216d4260, RCX=0x0000000000194320, RDX=0x0000000000000000
RSP=0x000070001064f600, RBP=0x000070001064f600, RSI=0x000000000000ca19, RDI=0x00000001216d4260
R8 =0x0000000000000010, R9 =0x0000000000000002, R10=0x00007f8a5b41ea94, R11=0xffffffffffffffa8
R12=0x0000000000000010, R13=0x0000000000000001, R14=0x0000000000000001, R15=0x000070001064f828
RIP=0x0000000101084558, EFLAGS=0x0000000000010202, ERR=0x0000000000000004
  TRAPNO=0x000000000000000e

Top of Stack: (sp=0x000070001064f600)
0x000070001064f600:   000070001064f660 0000000101182c1d
0x000070001064f610:   000070001064f630 00000001013f59df
0x000070001064f620:   000000010118207c 000070001064f670
0x000070001064f630:   90d32aff99f10010 000070001064f828
0x000070001064f640:   000070001064f670 000000000000001a
0x000070001064f650:   000070001064f678 00007f8a5b41ea40
0x000070001064f660:   000070001064f6d0 00000001011816eb
0x000070001064f670:   000070001064f690 00000001216d5758
0x000070001064f680:   00007f8a5c050000 0000001300000010
0x000070001064f690:   000000b20000001a 000000b201180000
0x000070001064f6a0:   90d32aff99f10010 0000000000000002
0x000070001064f6b0:   00007f8a5b41e990 0000700010e679b8
0x000070001064f6c0:   000070001064f828 0000000000000050
0x000070001064f6d0:   000070001064f700 0000000101181401
0x000070001064f6e0:   0000000000000000 000070001064f828
0x000070001064f6f0:   00007f8a5c050000 00007f8a5b41e990
0x000070001064f700:   000070001064f720 00000001011810e7
0x000070001064f710:   90d32aff99f10010 000070001064f828
0x000070001064f720:   000070001064f7c0 00000001011835b1
0x000070001064f730:   0000700010640000 0000000000000000
0x000070001064f740:   90d32aff99f10010 90d32aff99f10000
0x000070001064f750:   00007fffcdcb86b8 0000000000000000
0x000070001064f760:   0000000000000000 0000700010640100
0x000070001064f770:   0000000000000000 00007fffc4e03423
0x000070001064f780:   0000000000000000 000070001064fb70
0x000070001064f790:   00000001015fb53b 0000000000000000
0x000070001064f7a0:   000070001064f828 000070001064f828
0x000070001064f7b0:   00007f8a5c050000 000070001064f9c0
0x000070001064f7c0:   000070001064f810 000000010142b7d8
0x000070001064f7d0:   00007f8a5b527660 00007f8a5b41e930
0x000070001064f7e0:   00007f8a5b41e940 00007f8a5b41ed18
0x000070001064f7f0:   00000000000003d8 00007f8a5b423b50 

Instructions: (pc=0x0000000101084558)
0x0000000101084538:   c7 40 5d c3 55 48 89 e5 84 d2 75 1e 48 8b 47 10
0x0000000101084548:   48 85 c0 74 15 85 f6 78 30 48 63 ce 48 c1 e1 05
0x0000000101084558:   48 8b 44 08 28 0f b7 f0 eb 11 48 8b 4f 08 48 63
0x0000000101084568:   c6 0f b6 4c 01 04 83 f9 12 74 03 48 63 c6 48 8d 

VM_Operation (0x0000700010e679b8): GetOrSetLocal, mode: safepoint, requested by thread 0x00007f8a5d003800


---------------  P R O C E S S  ---------------

Threads class SMR info:
_java_thread_list=0x00007f8a5b439d10, length=13, elements={
0x00007f8a5c000800, 0x00007f8a5c809800, 0x00007f8a5c04f000, 0x00007f8a5c818800,
0x00007f8a5c055000, 0x00007f8a5c060000, 0x00007f8a5c061000, 0x00007f8a5c0b6800,
0x00007f8a5d003800, 0x00007f8a5c10c000, 0x00007f8a5d04f000, 0x00007f8a5b96a000,
0x00007f8a5b973000
}

Java Threads: ( => current thread )
  0x00007f8a5c000800 JavaThread "main" [_thread_blocked, id=7939, stack(0x00000001004fb000,0x00000001005fb000)]
  0x00007f8a5c809800 JavaThread "Reference Handler" daemon [_thread_blocked, id=18179, stack(0x0000700010653000,0x0000700010753000)]
  0x00007f8a5c04f000 JavaThread "Finalizer" daemon [_thread_blocked, id=18947, stack(0x0000700010756000,0x0000700010856000)]
  0x00007f8a5c818800 JavaThread "Signal Dispatcher" daemon [_thread_blocked, id=23299, stack(0x0000700010859000,0x0000700010959000)]
  0x00007f8a5c055000 JavaThread "C2 CompilerThread0" daemon [_thread_blocked, id=24067, stack(0x000070001095c000,0x0000700010a5c000)]
  0x00007f8a5c060000 JavaThread "C2 CompilerThread1" daemon [_thread_blocked, id=24835, stack(0x0000700010a5f000,0x0000700010b5f000)]
  0x00007f8a5c061000 JavaThread "C1 CompilerThread2" daemon [_thread_blocked, id=25603, stack(0x0000700010b62000,0x0000700010c62000)]
  0x00007f8a5c0b6800 JavaThread "Sweeper thread" daemon [_thread_blocked, id=26371, stack(0x0000700010c65000,0x0000700010d65000)]
  0x00007f8a5d003800 JavaThread "JDWP Transport Listener: dt_socket" daemon [_thread_blocked, id=27139, stack(0x0000700010d68000,0x0000700010e68000)] _threads_hazard_ptr=0x00007f8a5b439d10
  0x00007f8a5c10c000 JavaThread "JDWP Event Helper Thread" daemon [_thread_blocked, id=27907, stack(0x0000700010e6b000,0x0000700010f6b000)]
  0x00007f8a5d04f000 JavaThread "JDWP Command Reader" daemon [_thread_in_native, id=28675, stack(0x0000700010f6e000,0x000070001106e000)]
  0x00007f8a5b96a000 JavaThread "Common-Cleaner" daemon [_thread_blocked, id=29443, stack(0x0000700011071000,0x0000700011171000)]
  0x00007f8a5b973000 JavaThread "Service Thread" daemon [_thread_blocked, id=30211, stack(0x0000700011174000,0x0000700011274000)]

Other Threads:
=>0x00007f8a5c050000 VMThread "VM Thread" [stack: 0x0000700010550000,0x0000700010650000] [id=17411]
  0x00007f8a5c064800 WatcherThread [stack: 0x0000700011277000,0x0000700011377000] [id=30723]
  0x00007f8a5c014000 GCTaskThread "GC Thread#0" [stack: 0x000070000fa2f000,0x000070000fb2f000] [id=11267]
  0x00007f8a5c015000 GCTaskThread "GC Thread#1" [stack: 0x000070000fb32000,0x000070000fc32000] [id=11779]
  0x00007f8a5c015800 GCTaskThread "GC Thread#2" [stack: 0x000070000fc35000,0x000070000fd35000] [id=12291]
  0x00007f8a5b823800 GCTaskThread "GC Thread#3" [stack: 0x000070000fd38000,0x000070000fe38000] [id=12803]
  0x00007f8a5c02b000 ConcurrentGCThread "G1 Main Marker" [stack: 0x000070000fe3b000,0x000070000ff3b000] [id=13315]
  0x00007f8a5c02b800 ConcurrentGCThread "G1 Conc#0" [stack: 0x000070000ff3e000,0x000070001003e000] [id=14339]
  0x00007f8a5c04c800 ConcurrentGCThread "G1 Refine#0" [stack: 0x0000700010041000,0x0000700010141000] [id=14851]
  0x00007f8a5c04d000 ConcurrentGCThread "G1 Refine#1" [stack: 0x0000700010144000,0x0000700010244000] [id=15363]
  0x00007f8a5d003000 ConcurrentGCThread "G1 Refine#2" [stack: 0x0000700010247000,0x0000700010347000] [id=15875]
  0x00007f8a5b824000 ConcurrentGCThread "G1 Refine#3" [stack: 0x000070001034a000,0x000070001044a000] [id=16387]
  0x00007f8a5b825000 ConcurrentGCThread "G1 Young RemSet Sampling" [stack: 0x000070001044d000,0x000070001054d000] [id=16899]

Threads with active compile tasks:

VM state:at safepoint (normal execution)

VM Mutex/Monitor currently owned by a thread:  ([mutex/lock_event])
[0x00007f8a5b4174f0] Threads_lock - owner thread: 0x00007f8a5c050000

Heap address: 0x0000000780000000, size: 1024 MB, Compressed Oops mode: Zero based, Oop shift amount: 3
Narrow klass base: 0x0000000000000000, Narrow klass shift: 3
Compressed class space size: 1073741824 Address: 0x00000007c0000000

Heap:
 garbage-first heap   total 65536K, used 2048K [0x0000000780000000, 0x00000007c0000000)
  region size 1024K, 3 young (3072K), 0 survivors (0K)
 Metaspace       used 5287K, capacity 5424K, committed 5632K, reserved 1056768K
  class space    used 432K, capacity 464K, committed 512K, reserved 1048576K
Heap Regions: E=young(eden), S=young(survivor), O=old, HS=humongous(starts), HC=humongous(continues), CS=collection set, F=free, A=archive, TS=gc time stamp, AC=allocation context, TAMS=top-at-mark-start (previous, next)
|   0|0x0000000780000000, 0x0000000780000000, 0x0000000780100000|  0%| F|  |TS  0|AC  0|TAMS 0x0000000780000000, 0x0000000780000000|
|   1|0x0000000780100000, 0x0000000780100000, 0x0000000780200000|  0%| F|  |TS  0|AC  0|TAMS 0x0000000780100000, 0x0000000780100000|
|   2|0x0000000780200000, 0x0000000780200000, 0x0000000780300000|  0%| F|  |TS  0|AC  0|TAMS 0x0000000780200000, 0x0000000780200000|
|   3|0x0000000780300000, 0x0000000780300000, 0x0000000780400000|  0%| F|  |TS  0|AC  0|TAMS 0x0000000780300000, 0x0000000780300000|
|   4|0x0000000780400000, 0x0000000780400000, 0x0000000780500000|  0%| F|  |TS  0|AC  0|TAMS 0x0000000780400000, 0x0000000780400000|
|   5|0x0000000780500000, 0x0000000780500000, 0x0000000780600000|  0%| F|  |TS  0|AC  0|TAMS 0x0000000780500000, 0x0000000780500000|
|   6|0x0000000780600000, 0x0000000780600000, 0x0000000780700000|  0%| F|  |TS  0|AC  0|TAMS 0x0000000780600000, 0x0000000780600000|
|   7|0x0000000780700000, 0x0000000780700000, 0x0000000780800000|  0%| F|  |TS  0|AC  0|TAMS 0x0000000780700000, 0x0000000780700000|
|   8|0x0000000780800000, 0x0000000780800000, 0x0000000780900000|  0%| F|  |TS  0|AC  0|TAMS 0x0000000780800000, 0x0000000780800000|
|   9|0x0000000780900000, 0x0000000780900000, 0x0000000780a00000|  0%| F|  |TS  0|AC  0|TAMS 0x0000000780900000, 0x0000000780900000|
|  10|0x0000000780a00000, 0x0000000780a00000, 0x0000000780b00000|  0%| F|  |TS  0|AC  0|TAMS 0x0000000780a00000, 0x0000000780a00000|
|  11|0x0000000780b00000, 0x0000000780b00000, 0x0000000780c00000|  0%| F|  |TS  0|AC  0|TAMS 0x0000000780b00000, 0x0000000780b00000|
|  12|0x0000000780c00000, 0x0000000780c00000, 0x0000000780d00000|  0%| F|  |TS  0|AC  0|TAMS 0x0000000780c00000, 0x0000000780c00000|
|  13|0x0000000780d00000, 0x0000000780d00000, 0x0000000780e00000|  0%| F|  |TS  0|AC  0|TAMS 0x0000000780d00000, 0x0000000780d00000|
|  14|0x0000000780e00000, 0x0000000780e00000, 0x0000000780f00000|  0%| F|  |TS  0|AC  0|TAMS 0x0000000780e00000, 0x0000000780e00000|
|  15|0x0000000780f00000, 0x0000000780f00000, 0x0000000781000000|  0%| F|  |TS  0|AC  0|TAMS 0x0000000780f00000, 0x0000000780f00000|
|  16|0x0000000781000000, 0x0000000781000000, 0x0000000781100000|  0%| F|  |TS  0|AC  0|TAMS 0x0000000781000000, 0x0000000781000000|
|  17|0x0000000781100000, 0x0000000781100000, 0x0000000781200000|  0%| F|  |TS  0|AC  0|TAMS 0x0000000781100000, 0x0000000781100000|
|  18|0x0000000781200000, 0x0000000781200000, 0x0000000781300000|  0%| F|  |TS  0|AC  0|TAMS 0x0000000781200000, 0x0000000781200000|
|  19|0x0000000781300000, 0x0000000781300000, 0x0000000781400000|  0%| F|  |TS  0|AC  0|TAMS 0x0000000781300000, 0x0000000781300000|
|  20|0x0000000781400000, 0x0000000781400000, 0x0000000781500000|  0%| F|  |TS  0|AC  0|TAMS 0x0000000781400000, 0x0000000781400000|
|  21|0x0000000781500000, 0x0000000781500000, 0x0000000781600000|  0%| F|  |TS  0|AC  0|TAMS 0x0000000781500000, 0x0000000781500000|
|  22|0x0000000781600000, 0x0000000781600000, 0x0000000781700000|  0%| F|  |TS  0|AC  0|TAMS 0x0000000781600000, 0x0000000781600000|
|  23|0x0000000781700000, 0x0000000781700000, 0x0000000781800000|  0%| F|  |TS  0|AC  0|TAMS 0x0000000781700000, 0x0000000781700000|
|  24|0x0000000781800000, 0x0000000781800000, 0x0000000781900000|  0%| F|  |TS  0|AC  0|TAMS 0x0000000781800000, 0x0000000781800000|
|  25|0x0000000781900000, 0x0000000781900000, 0x0000000781a00000|  0%| F|  |TS  0|AC  0|TAMS 0x0000000781900000, 0x0000000781900000|
|  26|0x0000000781a00000, 0x0000000781a00000, 0x0000000781b00000|  0%| F|  |TS  0|AC  0|TAMS 0x0000000781a00000, 0x0000000781a00000|
|  27|0x0000000781b00000, 0x0000000781b00000, 0x0000000781c00000|  0%| F|  |TS  0|AC  0|TAMS 0x0000000781b00000, 0x0000000781b00000|
|  28|0x0000000781c00000, 0x0000000781c00000, 0x0000000781d00000|  0%| F|  |TS  0|AC  0|TAMS 0x0000000781c00000, 0x0000000781c00000|
|  29|0x0000000781d00000, 0x0000000781d00000, 0x0000000781e00000|  0%| F|  |TS  0|AC  0|TAMS 0x0000000781d00000, 0x0000000781d00000|
|  30|0x0000000781e00000, 0x0000000781e00000, 0x0000000781f00000|  0%| F|  |TS  0|AC  0|TAMS 0x0000000781e00000, 0x0000000781e00000|
|  31|0x0000000781f00000, 0x0000000781f00000, 0x0000000782000000|  0%| F|  |TS  0|AC  0|TAMS 0x0000000781f00000, 0x0000000781f00000|
|  32|0x0000000782000000, 0x0000000782000000, 0x0000000782100000|  0%| F|  |TS  0|AC  0|TAMS 0x0000000782000000, 0x0000000782000000|
|  33|0x0000000782100000, 0x0000000782100000, 0x0000000782200000|  0%| F|  |TS  0|AC  0|TAMS 0x0000000782100000, 0x0000000782100000|
|  34|0x0000000782200000, 0x0000000782200000, 0x0000000782300000|  0%| F|  |TS  0|AC  0|TAMS 0x0000000782200000, 0x0000000782200000|
|  35|0x0000000782300000, 0x0000000782300000, 0x0000000782400000|  0%| F|  |TS  0|AC  0|TAMS 0x0000000782300000, 0x0000000782300000|
|  36|0x0000000782400000, 0x0000000782400000, 0x0000000782500000|  0%| F|  |TS  0|AC  0|TAMS 0x0000000782400000, 0x0000000782400000|
|  37|0x0000000782500000, 0x0000000782500000, 0x0000000782600000|  0%| F|  |TS  0|AC  0|TAMS 0x0000000782500000, 0x0000000782500000|
|  38|0x0000000782600000, 0x0000000782600000, 0x0000000782700000|  0%| F|  |TS  0|AC  0|TAMS 0x0000000782600000, 0x0000000782600000|
|  39|0x0000000782700000, 0x0000000782700000, 0x0000000782800000|  0%| F|  |TS  0|AC  0|TAMS 0x0000000782700000, 0x0000000782700000|
|  40|0x0000000782800000, 0x0000000782800000, 0x0000000782900000|  0%| F|  |TS  0|AC  0|TAMS 0x0000000782800000, 0x0000000782800000|
|  41|0x0000000782900000, 0x0000000782900000, 0x0000000782a00000|  0%| F|  |TS  0|AC  0|TAMS 0x0000000782900000, 0x0000000782900000|
|  42|0x0000000782a00000, 0x0000000782a00000, 0x0000000782b00000|  0%| F|  |TS  0|AC  0|TAMS 0x0000000782a00000, 0x0000000782a00000|
|  43|0x0000000782b00000, 0x0000000782b00000, 0x0000000782c00000|  0%| F|  |TS  0|AC  0|TAMS 0x0000000782b00000, 0x0000000782b00000|
|  44|0x0000000782c00000, 0x0000000782c00000, 0x0000000782d00000|  0%| F|  |TS  0|AC  0|TAMS 0x0000000782c00000, 0x0000000782c00000|
|  45|0x0000000782d00000, 0x0000000782d00000, 0x0000000782e00000|  0%| F|  |TS  0|AC  0|TAMS 0x0000000782d00000, 0x0000000782d00000|
|  46|0x0000000782e00000, 0x0000000782e00000, 0x0000000782f00000|  0%| F|  |TS  0|AC  0|TAMS 0x0000000782e00000, 0x0000000782e00000|
|  47|0x0000000782f00000, 0x0000000782f00000, 0x0000000783000000|  0%| F|  |TS  0|AC  0|TAMS 0x0000000782f00000, 0x0000000782f00000|
|  48|0x0000000783000000, 0x0000000783000000, 0x0000000783100000|  0%| F|  |TS  0|AC  0|TAMS 0x0000000783000000, 0x0000000783000000|
|  49|0x0000000783100000, 0x0000000783100000, 0x0000000783200000|  0%| F|  |TS  0|AC  0|TAMS 0x0000000783100000, 0x0000000783100000|
|  50|0x0000000783200000, 0x0000000783200000, 0x0000000783300000|  0%| F|  |TS  0|AC  0|TAMS 0x0000000783200000, 0x0000000783200000|
|  51|0x0000000783300000, 0x0000000783300000, 0x0000000783400000|  0%| F|  |TS  0|AC  0|TAMS 0x0000000783300000, 0x0000000783300000|
|  52|0x0000000783400000, 0x0000000783400000, 0x0000000783500000|  0%| F|  |TS  0|AC  0|TAMS 0x0000000783400000, 0x0000000783400000|
|  53|0x0000000783500000, 0x0000000783500000, 0x0000000783600000|  0%| F|  |TS  0|AC  0|TAMS 0x0000000783500000, 0x0000000783500000|
|  54|0x0000000783600000, 0x0000000783600000, 0x0000000783700000|  0%| F|  |TS  0|AC  0|TAMS 0x0000000783600000, 0x0000000783600000|
|  55|0x0000000783700000, 0x0000000783700000, 0x0000000783800000|  0%| F|  |TS  0|AC  0|TAMS 0x0000000783700000, 0x0000000783700000|
|  56|0x0000000783800000, 0x0000000783800000, 0x0000000783900000|  0%| F|  |TS  0|AC  0|TAMS 0x0000000783800000, 0x0000000783800000|
|  57|0x0000000783900000, 0x0000000783900000, 0x0000000783a00000|  0%| F|  |TS  0|AC  0|TAMS 0x0000000783900000, 0x0000000783900000|
|  58|0x0000000783a00000, 0x0000000783a00000, 0x0000000783b00000|  0%| F|  |TS  0|AC  0|TAMS 0x0000000783a00000, 0x0000000783a00000|
|  59|0x0000000783b00000, 0x0000000783b00000, 0x0000000783c00000|  0%| F|  |TS  0|AC  0|TAMS 0x0000000783b00000, 0x0000000783b00000|
|  60|0x0000000783c00000, 0x0000000783c00000, 0x0000000783d00000|  0%| F|  |TS  0|AC  0|TAMS 0x0000000783c00000, 0x0000000783c00000|
|  61|0x0000000783d00000, 0x0000000783dea888, 0x0000000783e00000| 91%| E|  |TS  0|AC  0|TAMS 0x0000000783d00000, 0x0000000783d00000|
|  62|0x0000000783e00000, 0x0000000783f00000, 0x0000000783f00000|100%| E|CS|TS  0|AC  0|TAMS 0x0000000783e00000, 0x0000000783e00000|
|  63|0x0000000783f00000, 0x0000000784000000, 0x0000000784000000|100%| E|CS|TS  0|AC  0|TAMS 0x0000000783f00000, 0x0000000783f00000|

Card table byte_map: [0x000000010d75e000,0x000000010d95e000] byte_map_base: 0x0000000109b5e000

Marking Bits (Prev, Next): (CMBitMap*) 0x00007f8a5c02a460, (CMBitMap*) 0x00007f8a5c02a498
 Prev Bits: [0x000000011d251000, 0x000000011e251000)
 Next Bits: [0x000000011e251000, 0x000000011f251000)

Polling page: 0x00000001005fe000

CodeHeap 'non-profiled nmethods': size=120032Kb used=72Kb max_used=72Kb free=119959Kb
 bounds [0x0000000115d19000, 0x0000000115f89000, 0x000000011d251000]
CodeHeap 'profiled nmethods': size=120032Kb used=277Kb max_used=277Kb free=119754Kb
 bounds [0x000000010e7e1000, 0x000000010ea51000, 0x0000000115d19000]
CodeHeap 'non-nmethods': size=5696Kb used=1070Kb max_used=1080Kb free=4626Kb
 bounds [0x000000010e251000, 0x000000010e4c1000, 0x000000010e7e1000]
 total_blobs=559 nmethods=202 adapters=201
 compilation: enabled

Compilation events (10 events):
Event: 0.684 Thread 0x00007f8a5c061000  198       3       java.lang.StringBuilder::toString (35 bytes)
Event: 0.684 Thread 0x00007f8a5c061000 nmethod 198 0x000000010e825490 code [0x000000010e825680, 0x000000010e825b98]
Event: 0.698 Thread 0x00007f8a5c061000  200       3       java.lang.System::getSecurityManager (4 bytes)
Event: 0.698 Thread 0x00007f8a5c061000 nmethod 200 0x000000010e825d10 code [0x000000010e825ec0, 0x000000010e826010]
Event: 0.698 Thread 0x00007f8a5c061000  199       3       java.lang.StringBuilder::<init> (7 bytes)
Event: 0.698 Thread 0x00007f8a5c061000 nmethod 199 0x000000010e826090 code [0x000000010e826240, 0x000000010e8263e8]
Event: 0.698 Thread 0x00007f8a5c061000  201       1       java.util.zip.ZipFile::access$300 (5 bytes)
Event: 0.698 Thread 0x00007f8a5c061000 nmethod 201 0x0000000115d2ac90 code [0x0000000115d2ae40, 0x0000000115d2af30]
Event: 0.698 Thread 0x00007f8a5c061000  202       1       java.net.URL::getProtocol (5 bytes)
Event: 0.698 Thread 0x00007f8a5c061000 nmethod 202 0x0000000115d2b010 code [0x0000000115d2b1c0, 0x0000000115d2b2d0]

GC Heap History (0 events):
No events

Deoptimization events (2 events):
Event: 0.279 Thread 0x00007f8a5c000800 Uncommon trap: reason=unstable_if action=reinterpret pc=0x0000000115d24f0c method=java.util.HashMap.putVal(ILjava/lang/Object;Ljava/lang/Object;ZZ)Ljava/lang/Object; @ 69 c2
Event: 0.383 Thread 0x00007f8a5c000800 Uncommon trap: reason=unstable_if action=reinterpret pc=0x0000000115d1c1b8 method=java.lang.String.hashCode()I @ 14 c2

Classes redefined (8 events):
Event: 158.684 Thread 0x00007f8a5c050000 redefined class name=edu.pdx.cs410J.minh9.Project2, count=1
Event: 237.911 Thread 0x00007f8a5c050000 redefined class name=edu.pdx.cs410J.minh9.Project2, count=2
Event: 819.497 Thread 0x00007f8a5c050000 redefined class name=edu.pdx.cs410J.minh9.Project2, count=3
Event: 897.261 Thread 0x00007f8a5c050000 redefined class name=edu.pdx.cs410J.minh9.Project2, count=4
Event: 1110.116 Thread 0x00007f8a5c050000 redefined class name=edu.pdx.cs410J.minh9.Project2, count=5
Event: 1325.284 Thread 0x00007f8a5c050000 redefined class name=edu.pdx.cs410J.minh9.Project2, count=6
Event: 2049.222 Thread 0x00007f8a5c050000 redefined class name=edu.pdx.cs410J.minh9.Project2, count=7
Event: 7192.888 Thread 0x00007f8a5c050000 redefined class name=edu.pdx.cs410J.minh9.Project2, count=8

Internal exceptions (0 events):
No events

Events (10 events):
Event: 7192.959 Executing VM operation: ChangeBreakpoints done
Event: 7192.959 Executing VM operation: ChangeBreakpoints
Event: 7192.960 Executing VM operation: ChangeBreakpoints done
Event: 7192.967 Executing VM operation: GetFrameCount
Event: 7192.967 Executing VM operation: GetFrameCount done
Event: 7192.967 Executing VM operation: GetFrameLocation
Event: 7192.967 Executing VM operation: GetFrameLocation done
Event: 7192.967 Executing VM operation: GetFrameLocation
Event: 7192.967 Executing VM operation: GetFrameLocation done
Event: 7192.968 Executing VM operation: GetOrSetLocal


Dynamic libraries:
0x00007fffaeb6f000 	/System/Library/Frameworks/Cocoa.framework/Versions/A/Cocoa
0x00007fffb57cf000 	/System/Library/Frameworks/Security.framework/Versions/A/Security
0x00007fffada2a000 	/System/Library/Frameworks/ApplicationServices.framework/Versions/A/ApplicationServices
0x00007fffc4c62000 	/usr/lib/libz.1.dylib
0x00007fffc3740000 	/usr/lib/libSystem.B.dylib
0x00007fffaf109000 	/System/Library/Frameworks/CoreFoundation.framework/Versions/A/CoreFoundation
0x00007fffb0b9c000 	/System/Library/Frameworks/Foundation.framework/Versions/C/Foundation
0x00007fffc4468000 	/usr/lib/libobjc.A.dylib
0x00007fffacc3f000 	/System/Library/Frameworks/AppKit.framework/Versions/C/AppKit
0x00007fffaed5b000 	/System/Library/Frameworks/CoreData.framework/Versions/A/CoreData
0x00007fffc01b6000 	/System/Library/PrivateFrameworks/RemoteViewServices.framework/Versions/A/RemoteViewServices
0x00007fffc21b0000 	/System/Library/PrivateFrameworks/UIFoundation.framework/Versions/A/UIFoundation
0x00007fffbb556000 	/System/Library/PrivateFrameworks/DFRFoundation.framework/Versions/A/DFRFoundation
0x00007fffc3dab000 	/usr/lib/libenergytrace.dylib
0x00007fffc0fe3000 	/System/Library/PrivateFrameworks/SkyLight.framework/Versions/A/SkyLight
0x00007fffaf59d000 	/System/Library/Frameworks/CoreGraphics.framework/Versions/A/CoreGraphics
0x00007fffc373b000 	/usr/lib/libScreenReader.dylib
0x00007fffabb02000 	/System/Library/Frameworks/Accelerate.framework/Versions/A/Accelerate
0x00007fffb119a000 	/System/Library/Frameworks/IOSurface.framework/Versions/A/IOSurface
0x00007fffadf4d000 	/System/Library/Frameworks/AudioToolbox.framework/Versions/A/AudioToolbox
0x00007fffae15a000 	/System/Library/Frameworks/AudioUnit.framework/Versions/A/AudioUnit
0x00007fffbb59b000 	/System/Library/PrivateFrameworks/DataDetectorsCore.framework/Versions/A/DataDetectorsCore
0x00007fffbb68c000 	/System/Library/PrivateFrameworks/DesktopServicesPriv.framework/Versions/A/DesktopServicesPriv
0x00007fffae6bc000 	/System/Library/Frameworks/Carbon.framework/Versions/A/Frameworks/HIToolbox.framework/Versions/A/HIToolbox
0x00007fffc3eb4000 	/usr/lib/libicucore.A.dylib
0x00007fffb5066000 	/System/Library/Frameworks/QuartzCore.framework/Versions/A/QuartzCore
0x00007fffaea88000 	/System/Library/Frameworks/Carbon.framework/Versions/A/Frameworks/SpeechRecognition.framework/Versions/A/SpeechRecognition
0x00007fffc38d2000 	/usr/lib/libauto.dylib
0x00007fffc4b48000 	/usr/lib/libxml2.2.dylib
0x00007fffbb210000 	/System/Library/PrivateFrameworks/CoreUI.framework/Versions/A/CoreUI
0x00007fffaecb9000 	/System/Library/Frameworks/CoreAudio.framework/Versions/A/CoreAudio
0x00007fffb0a05000 	/System/Library/Frameworks/DiskArbitration.framework/Versions/A/DiskArbitration
0x00007fffc40df000 	/usr/lib/liblangid.dylib
0x00007fffbf09d000 	/System/Library/PrivateFrameworks/MultitouchSupport.framework/Versions/A/MultitouchSupport
0x00007fffb1103000 	/System/Library/Frameworks/IOKit.framework/Versions/A/IOKit
0x00007fffc3501000 	/usr/lib/libDiagnosticMessagesClient.dylib
0x00007fffaffe9000 	/System/Library/Frameworks/CoreServices.framework/Versions/A/CoreServices
0x00007fffbfa5a000 	/System/Library/PrivateFrameworks/PerformanceAnalysis.framework/Versions/A/PerformanceAnalysis
0x00007fffbd4de000 	/System/Library/PrivateFrameworks/GenerationalStorage.framework/Versions/A/GenerationalStorage
0x00007fffb4334000 	/System/Library/Frameworks/OpenGL.framework/Versions/A/OpenGL
0x00007fffafc41000 	/System/Library/Frameworks/CoreImage.framework/Versions/A/CoreImage
0x00007fffb0712000 	/System/Library/Frameworks/CoreText.framework/Versions/A/CoreText
0x00007fffb11f3000 	/System/Library/Frameworks/ImageIO.framework/Versions/A/ImageIO
0x00007fffb8dcd000 	/System/Library/PrivateFrameworks/Backup.framework/Versions/A/Backup
0x00007fffc37ad000 	/usr/lib/libarchive.2.dylib
0x00007fffae2c3000 	/System/Library/Frameworks/CFNetwork.framework/Versions/A/CFNetwork
0x00007fffb5efc000 	/System/Library/Frameworks/SystemConfiguration.framework/Versions/A/SystemConfiguration
0x00007fffc3448000 	/usr/lib/libCRFSuite.dylib
0x00007fffc38f3000 	/usr/lib/libc++.1.dylib
0x00007fffc394a000 	/usr/lib/libc++abi.dylib
0x00007fffc4c82000 	/usr/lib/system/libcache.dylib
0x00007fffc4c87000 	/usr/lib/system/libcommonCrypto.dylib
0x00007fffc4c92000 	/usr/lib/system/libcompiler_rt.dylib
0x00007fffc4c9a000 	/usr/lib/system/libcopyfile.dylib
0x00007fffc4ca3000 	/usr/lib/system/libcorecrypto.dylib
0x00007fffc4d27000 	/usr/lib/system/libdispatch.dylib
0x00007fffc4d59000 	/usr/lib/system/libdyld.dylib
0x00007fffc4d5f000 	/usr/lib/system/libkeymgr.dylib
0x00007fffc4d6d000 	/usr/lib/system/liblaunch.dylib
0x00007fffc4d6e000 	/usr/lib/system/libmacho.dylib
0x00007fffc4d74000 	/usr/lib/system/libquarantine.dylib
0x00007fffc4d77000 	/usr/lib/system/libremovefile.dylib
0x00007fffc4d79000 	/usr/lib/system/libsystem_asl.dylib
0x00007fffc4d92000 	/usr/lib/system/libsystem_blocks.dylib
0x00007fffc4d93000 	/usr/lib/system/libsystem_c.dylib
0x00007fffc4e21000 	/usr/lib/system/libsystem_configuration.dylib
0x00007fffc4e25000 	/usr/lib/system/libsystem_coreservices.dylib
0x00007fffc4e29000 	/usr/lib/system/libsystem_coretls.dylib
0x00007fffc4e42000 	/usr/lib/system/libsystem_dnssd.dylib
0x00007fffc4e49000 	/usr/lib/system/libsystem_info.dylib
0x00007fffc4e73000 	/usr/lib/system/libsystem_kernel.dylib
0x00007fffc4e96000 	/usr/lib/system/libsystem_m.dylib
0x00007fffc4ede000 	/usr/lib/system/libsystem_malloc.dylib
0x00007fffc4efd000 	/usr/lib/system/libsystem_network.dylib
0x00007fffc4f57000 	/usr/lib/system/libsystem_networkextension.dylib
0x00007fffc4f61000 	/usr/lib/system/libsystem_notify.dylib
0x00007fffc4f6b000 	/usr/lib/system/libsystem_platform.dylib
0x00007fffc4f74000 	/usr/lib/system/libsystem_pthread.dylib
0x00007fffc4f7f000 	/usr/lib/system/libsystem_sandbox.dylib
0x00007fffc4f83000 	/usr/lib/system/libsystem_secinit.dylib
0x00007fffc4f85000 	/usr/lib/system/libsystem_symptoms.dylib
0x00007fffc4f8d000 	/usr/lib/system/libsystem_trace.dylib
0x00007fffc4fa1000 	/usr/lib/system/libunwind.dylib
0x00007fffc4fa7000 	/usr/lib/system/libxpc.dylib
0x00007fffc38d3000 	/usr/lib/libbsm.0.dylib
0x00007fffc4d60000 	/usr/lib/system/libkxld.dylib
0x00007fffc399c000 	/usr/lib/libcoretls.dylib
0x00007fffc399d000 	/usr/lib/libcoretls_cfhelpers.dylib
0x00007fffc373a000 	/usr/lib/libOpenScriptingUtil.dylib
0x00007fffc4840000 	/usr/lib/libpam.2.dylib
0x00007fffc48ff000 	/usr/lib/libsqlite3.dylib
0x00007fffc4b3a000 	/usr/lib/libxar.1.dylib
0x00007fffc38e4000 	/usr/lib/libbz2.1.0.dylib
0x00007fffc40e1000 	/usr/lib/liblzma.5.dylib
0x00007fffc43ed000 	/usr/lib/libnetwork.dylib
0x00007fffc4845000 	/usr/lib/libpcap.A.dylib
0x00007fffb034c000 	/System/Library/Frameworks/CoreServices.framework/Versions/A/Frameworks/FSEvents.framework/Versions/A/FSEvents
0x00007fffb003c000 	/System/Library/Frameworks/CoreServices.framework/Versions/A/Frameworks/CarbonCore.framework/Versions/A/CarbonCore
0x00007fffb04c2000 	/System/Library/Frameworks/CoreServices.framework/Versions/A/Frameworks/Metadata.framework/Versions/A/Metadata
0x00007fffb0573000 	/System/Library/Frameworks/CoreServices.framework/Versions/A/Frameworks/OSServices.framework/Versions/A/OSServices
0x00007fffb05d3000 	/System/Library/Frameworks/CoreServices.framework/Versions/A/Frameworks/SearchKit.framework/Versions/A/SearchKit
0x00007fffaffea000 	/System/Library/Frameworks/CoreServices.framework/Versions/A/Frameworks/AE.framework/Versions/A/AE
0x00007fffb0355000 	/System/Library/Frameworks/CoreServices.framework/Versions/A/Frameworks/LaunchServices.framework/Versions/A/LaunchServices
0x00007fffb0318000 	/System/Library/Frameworks/CoreServices.framework/Versions/A/Frameworks/DictionaryServices.framework/Versions/A/DictionaryServices
0x00007fffb0644000 	/System/Library/Frameworks/CoreServices.framework/Versions/A/Frameworks/SharedFileList.framework/Versions/A/SharedFileList
0x00007fffb3390000 	/System/Library/Frameworks/NetFS.framework/Versions/A/NetFS
0x00007fffbf177000 	/System/Library/PrivateFrameworks/NetAuth.framework/Versions/A/NetAuth
0x00007fffc33f1000 	/System/Library/PrivateFrameworks/login.framework/Versions/A/Frameworks/loginsupport.framework/Versions/A/loginsupport
0x00007fffc1fe2000 	/System/Library/PrivateFrameworks/TCC.framework/Versions/A/TCC
0x00007fffc4112000 	/usr/lib/libmecabra.dylib
0x00007fffada2b000 	/System/Library/Frameworks/ApplicationServices.framework/Versions/A/Frameworks/ATS.framework/Versions/A/ATS
0x00007fffaddaa000 	/System/Library/Frameworks/ApplicationServices.framework/Versions/A/Frameworks/ColorSync.framework/Versions/A/ColorSync
0x00007fffade55000 	/System/Library/Frameworks/ApplicationServices.framework/Versions/A/Frameworks/HIServices.framework/Versions/A/HIServices
0x00007fffadea7000 	/System/Library/Frameworks/ApplicationServices.framework/Versions/A/Frameworks/LangAnalysis.framework/Versions/A/LangAnalysis
0x00007fffadeb7000 	/System/Library/Frameworks/ApplicationServices.framework/Versions/A/Frameworks/PrintCore.framework/Versions/A/PrintCore
0x00007fffadf05000 	/System/Library/Frameworks/ApplicationServices.framework/Versions/A/Frameworks/QD.framework/Versions/A/QD
0x00007fffadf41000 	/System/Library/Frameworks/ApplicationServices.framework/Versions/A/Frameworks/SpeechSynthesis.framework/Versions/A/SpeechSynthesis
0x00007fffabb1b000 	/System/Library/Frameworks/Accelerate.framework/Versions/A/Frameworks/vImage.framework/Versions/A/vImage
0x00007fffac980000 	/System/Library/Frameworks/Accelerate.framework/Versions/A/Frameworks/vecLib.framework/Versions/A/vecLib
0x00007fffac77a000 	/System/Library/Frameworks/Accelerate.framework/Versions/A/Frameworks/vecLib.framework/Versions/A/libvDSP.dylib
0x00007fffac324000 	/System/Library/Frameworks/Accelerate.framework/Versions/A/Frameworks/vecLib.framework/Versions/A/libBNNS.dylib
0x00007fffac75f000 	/System/Library/Frameworks/Accelerate.framework/Versions/A/Frameworks/vecLib.framework/Versions/A/libQuadrature.dylib
0x00007fffac8c8000 	/System/Library/Frameworks/Accelerate.framework/Versions/A/Frameworks/vecLib.framework/Versions/A/libvMisc.dylib
0x00007fffac33c000 	/System/Library/Frameworks/Accelerate.framework/Versions/A/Frameworks/vecLib.framework/Versions/A/libLAPACK.dylib
0x00007fffac15c000 	/System/Library/Frameworks/Accelerate.framework/Versions/A/Frameworks/vecLib.framework/Versions/A/libBLAS.dylib
0x00007fffac748000 	/System/Library/Frameworks/Accelerate.framework/Versions/A/Frameworks/vecLib.framework/Versions/A/libLinearAlgebra.dylib
0x00007fffac766000 	/System/Library/Frameworks/Accelerate.framework/Versions/A/Frameworks/vecLib.framework/Versions/A/libSparseBLAS.dylib
0x00007fffadb33000 	/System/Library/Frameworks/ApplicationServices.framework/Versions/A/Frameworks/ATS.framework/Versions/A/Resources/libFontParser.dylib
0x00007fffadc63000 	/System/Library/Frameworks/ApplicationServices.framework/Versions/A/Frameworks/ATS.framework/Versions/A/Resources/libFontRegistry.dylib
0x00007fffb144e000 	/System/Library/Frameworks/ImageIO.framework/Versions/A/Resources/libJPEG.dylib
0x00007fffb149c000 	/System/Library/Frameworks/ImageIO.framework/Versions/A/Resources/libTIFF.dylib
0x00007fffb1472000 	/System/Library/Frameworks/ImageIO.framework/Versions/A/Resources/libPng.dylib
0x00007fffb1357000 	/System/Library/Frameworks/ImageIO.framework/Versions/A/Resources/libGIF.dylib
0x00007fffb135c000 	/System/Library/Frameworks/ImageIO.framework/Versions/A/Resources/libJP2.dylib
0x00007fffb1499000 	/System/Library/Frameworks/ImageIO.framework/Versions/A/Resources/libRadiance.dylib
0x00007fffc3985000 	/usr/lib/libcompression.dylib
0x00007fffb890f000 	/System/Library/PrivateFrameworks/AppleJPEG.framework/Versions/A/AppleJPEG
0x00007fffc3cdb000 	/usr/lib/libcups.2.dylib
0x00007fffb2253000 	/System/Library/Frameworks/Kerberos.framework/Versions/A/Kerberos
0x00007fffb0f6e000 	/System/Library/Frameworks/GSS.framework/Versions/A/GSS
0x00007fffc4893000 	/usr/lib/libresolv.9.dylib
0x00007fffc3dc1000 	/usr/lib/libiconv.2.dylib
0x00007fffbdc0b000 	/System/Library/PrivateFrameworks/Heimdal.framework/Versions/A/Heimdal
0x00007fffc3dbb000 	/usr/lib/libheimdal-asn1.dylib
0x00007fffb37a9000 	/System/Library/Frameworks/OpenDirectory.framework/Versions/A/OpenDirectory
0x00007fffba422000 	/System/Library/PrivateFrameworks/CommonAuth.framework/Versions/A/CommonAuth
0x00007fffb378f000 	/System/Library/Frameworks/OpenDirectory.framework/Versions/A/Frameworks/CFOpenDirectory.framework/Versions/A/CFOpenDirectory
0x00007fffb5ad2000 	/System/Library/Frameworks/SecurityFoundation.framework/Versions/A/SecurityFoundation
0x00007fffbe3c3000 	/System/Library/PrivateFrameworks/LanguageModeling.framework/Versions/A/LanguageModeling
0x00007fffc40fb000 	/usr/lib/libmarisa.dylib
0x00007fffc3464000 	/usr/lib/libChineseTokenizer.dylib
0x00007fffc3974000 	/usr/lib/libcmph.dylib
0x00007fffbab74000 	/System/Library/PrivateFrameworks/CoreEmoji.framework/Versions/A/CoreEmoji
0x00007fffb5b72000 	/System/Library/Frameworks/ServiceManagement.framework/Versions/A/ServiceManagement
0x00007fffc4c38000 	/usr/lib/libxslt.1.dylib
0x00007fffae9d0000 	/System/Library/Frameworks/Carbon.framework/Versions/A/Frameworks/Ink.framework/Versions/A/Ink
0x00007fffc2074000 	/System/Library/PrivateFrameworks/TextureIO.framework/Versions/A/TextureIO
0x00007fffb2a4c000 	/System/Library/Frameworks/Metal.framework/Versions/A/Metal
0x00007fffc37d9000 	/usr/lib/libate.dylib
0x00007fffbd20d000 	/System/Library/PrivateFrameworks/GPUCompiler.framework/libmetal_timestamp.dylib
0x00007fffb37b8000 	/System/Library/Frameworks/OpenGL.framework/Versions/A/Libraries/libCoreFSCache.dylib
0x00007fffbe29c000 	/System/Library/PrivateFrameworks/IOAccelerator.framework/Versions/A/IOAccelerator
0x00007fffb0860000 	/System/Library/Frameworks/CoreVideo.framework/Versions/A/CoreVideo
0x00007fffc3503000 	/usr/lib/libFosl_dynamic.dylib
0x00007fffbee9b000 	/System/Library/PrivateFrameworks/MetalPerformanceShaders.framework/Versions/A/MetalPerformanceShaders
0x00007fffbba85000 	/System/Library/PrivateFrameworks/FaceCore.framework/Versions/A/FaceCore
0x00007fffb3740000 	/System/Library/Frameworks/OpenCL.framework/Versions/A/OpenCL
0x00007fffb398b000 	/System/Library/Frameworks/OpenGL.framework/Versions/A/Libraries/libGLU.dylib
0x00007fffb37c1000 	/System/Library/Frameworks/OpenGL.framework/Versions/A/Libraries/libGFXShared.dylib
0x00007fffb37cb000 	/System/Library/Frameworks/OpenGL.framework/Versions/A/Libraries/libGL.dylib
0x00007fffb37d7000 	/System/Library/Frameworks/OpenGL.framework/Versions/A/Libraries/libGLImage.dylib
0x00007fffb37b5000 	/System/Library/Frameworks/OpenGL.framework/Versions/A/Libraries/libCVMSPluginSupport.dylib
0x00007fffb37bc000 	/System/Library/Frameworks/OpenGL.framework/Versions/A/Libraries/libCoreVMClient.dylib
0x00007fffbb4d6000 	/System/Library/PrivateFrameworks/CrashReporterSupport.framework/Versions/A/CrashReporterSupport
0x00007fffc0f35000 	/System/Library/PrivateFrameworks/Sharing.framework/Versions/A/Sharing
0x00007fffbe2ba000 	/System/Library/PrivateFrameworks/IconServices.framework/Versions/A/IconServices
0x00007fffc0183000 	/System/Library/PrivateFrameworks/ProtocolBuffer.framework/Versions/A/ProtocolBuffer
0x00007fffb87ec000 	/System/Library/PrivateFrameworks/Apple80211.framework/Versions/A/Apple80211
0x00007fffb0896000 	/System/Library/Frameworks/CoreWLAN.framework/Versions/A/CoreWLAN
0x00007fffbb350000 	/System/Library/PrivateFrameworks/CoreUtils.framework/Versions/A/CoreUtils
0x00007fffb105f000 	/System/Library/Frameworks/IOBluetooth.framework/Versions/A/IOBluetooth
0x00007fffbb470000 	/System/Library/PrivateFrameworks/CoreWiFi.framework/Versions/A/CoreWiFi
0x00007fffaed47000 	/System/Library/Frameworks/CoreBluetooth.framework/Versions/A/CoreBluetooth
0x00007fffaf05b000 	/System/Library/Frameworks/CoreDisplay.framework/Versions/A/CoreDisplay
0x00007fffbe2a5000 	/System/Library/PrivateFrameworks/IOPresentment.framework/Versions/A/IOPresentment
0x00007fffbb561000 	/System/Library/PrivateFrameworks/DSExternalDisplay.framework/Versions/A/DSExternalDisplay
0x00007fffbb64c000 	/System/Library/PrivateFrameworks/DebugSymbols.framework/Versions/A/DebugSymbols
0x00007fffbb180000 	/System/Library/PrivateFrameworks/CoreSymbolication.framework/Versions/A/CoreSymbolication
0x00007fffc1b2f000 	/System/Library/PrivateFrameworks/Symbolication.framework/Versions/A/Symbolication
0x00007fffb880f000 	/System/Library/PrivateFrameworks/AppleFSCompression.framework/Versions/A/AppleFSCompression
0x00007fffc1437000 	/System/Library/PrivateFrameworks/SpeechRecognitionCore.framework/Versions/A/SpeechRecognitionCore
0x00007fffb9ad6000 	/System/Library/PrivateFrameworks/ChunkingLibrary.framework/Versions/A/ChunkingLibrary
0x0000000100e00000 	/Library/Java/JavaVirtualMachines/jdk-10.0.1.jdk/Contents/Home/lib/server/libjvm.dylib
0x00007fffc4aa1000 	/usr/lib/libstdc++.6.dylib
0x0000000101ba0000 	/Library/Java/JavaVirtualMachines/jdk-10.0.1.jdk/Contents/Home/lib/libverify.dylib
0x0000000101bad000 	/Library/Java/JavaVirtualMachines/jdk-10.0.1.jdk/Contents/Home/lib/libjava.dylib
0x0000000101be1000 	/Library/Java/JavaVirtualMachines/jdk-10.0.1.jdk/Contents/Home/lib/libjdwp.dylib
0x0000000101c1e000 	/Library/Java/JavaVirtualMachines/jdk-10.0.1.jdk/Contents/Home/lib/libinstrument.dylib
0x0000000101c73000 	/Library/Java/JavaVirtualMachines/jdk-10.0.1.jdk/Contents/Home/lib/libzip.dylib
0x0000000101c7b000 	/Library/Java/JavaVirtualMachines/jdk-10.0.1.jdk/Contents/Home/lib/libjimage.dylib
0x000000010e1be000 	/Library/Java/JavaVirtualMachines/jdk-10.0.1.jdk/Contents/Home/lib/libdt_socket.dylib
0x0000000121bfb000 	/Library/Java/JavaVirtualMachines/jdk-10.0.1.jdk/Contents/Home/lib/libnio.dylib
0x0000000121c0b000 	/Library/Java/JavaVirtualMachines/jdk-10.0.1.jdk/Contents/Home/lib/./libnet.dylib


VM Arguments:
jvm_args: -agentlib:jdwp=transport=dt_socket,address=127.0.0.1:52787,suspend=y,server=n -javaagent:/Users/minhnguyen/Library/Caches/IntelliJIdea2018.1/captureAgent/debugger-agent.jar=file:/private/var/folders/g4/vsj_4l156b1dspf1y_n6ws0h0000gn/T/capture.props -Dfile.encoding=UTF-8 
java_command: edu.pdx.cs410J.minh9.Project2 -Print -textFile /Users/minhnguyen/Desktop/Dump.txt minh nguyen  503-433-1830 971-312-7058 07/20/2018 1:00 07/20/2018 2:00
java_class_path (initial): /Users/minhnguyen/Desktop/CS410J-GIT/CS410J/Prj1/phonebill/target/classes:/Users/minhnguyen/.m2/repository/edu/pdx/cs410J/projects/Summer2018/projects-Summer2018.jar:/Users/minhnguyen/Desktop/IntelliJ IDEA.app/Contents/lib/idea_rt.jar
Launcher Type: SUN_STANDARD

Logging:
Log output configuration:
#0: stdout all=warning uptime,level,tags
#1: stderr all=off uptime,level,tags

Environment Variables:
JAVA_HOME=/Library/Java/JavaVirtualMachines/jdk-10.0.1.jdk/Contents/Home
CLASSPATH=.:/Users/username/introcs/
PATH=/usr/bin:/bin:/usr/sbin:/sbin:/usr/local/bin:/Applications/Wireshark.app/Contents/MacOS:/Users/minhnguyen/Downloads/apache-maven-3.5.4/bin
SHELL=/bin/bash

Signal Handlers:
SIGSEGV: [libjvm.dylib+0x79ac14], sa_mask[0]=11111111011111110111111111111111, sa_flags=SA_ONSTACK|SA_RESTART|SA_SIGINFO
SIGBUS: [libjvm.dylib+0x79ac14], sa_mask[0]=11111111011111110111111111111111, sa_flags=SA_RESTART|SA_SIGINFO
SIGFPE: [libjvm.dylib+0x79ac14], sa_mask[0]=11111111011111110111111111111111, sa_flags=SA_RESTART|SA_SIGINFO
SIGPIPE: [libjvm.dylib+0x635960], sa_mask[0]=11111111011111110111111111111111, sa_flags=SA_RESTART|SA_SIGINFO
SIGXFSZ: [libjvm.dylib+0x635960], sa_mask[0]=11111111011111110111111111111111, sa_flags=SA_RESTART|SA_SIGINFO
SIGILL: [libjvm.dylib+0x79ac14], sa_mask[0]=11111111011111110111111111111111, sa_flags=SA_RESTART|SA_SIGINFO
SIGUSR2: [libjvm.dylib+0x6361f0], sa_mask[0]=00100000000000000000000000000000, sa_flags=SA_RESTART|SA_SIGINFO
SIGHUP: [libjvm.dylib+0x6349db], sa_mask[0]=11111111011111110111111111111111, sa_flags=SA_RESTART|SA_SIGINFO
SIGINT: [libjvm.dylib+0x6349db], sa_mask[0]=11111111011111110111111111111111, sa_flags=SA_RESTART|SA_SIGINFO
SIGTERM: [libjvm.dylib+0x6349db], sa_mask[0]=11111111011111110111111111111111, sa_flags=SA_RESTART|SA_SIGINFO
SIGQUIT: [libjvm.dylib+0x6349db], sa_mask[0]=11111111011111110111111111111111, sa_flags=SA_RESTART|SA_SIGINFO


---------------  S Y S T E M  ---------------

OS:uname:Darwin 16.7.0 Darwin Kernel Version 16.7.0: Thu Jun 15 17:36:27 PDT 2017; root:xnu-3789.70.16~2/RELEASE_X86_64 x86_64
rlimit: STACK 8192k, CORE 0k, NPROC 709, NOFILE 10240, AS infinity, DATA infinity, FSIZE infinity
load average:19.72 11.34 9.25

CPU:total 4 (initial active 4) (2 cores per cpu, 2 threads per core) family 6 model 42 stepping 7, cmov, cx8, fxsr, mmx, sse, sse2, sse3, ssse3, sse4.1, sse4.2, popcnt, avx, aes, clmul, ht, tsc, tscinvbit

Memory: 4k page, physical 4194304k(17576k free)

vm_info: Java HotSpot(TM) 64-Bit Server VM (10.0.1+10) for bsd-amd64 JRE (10.0.1+10), built on Mar 27 2018 01:13:17 by "mach5one" with gcc 4.2.1 Compatible Apple LLVM 6.1.0 (clang-602.0.49)

END.
